#
# A fatal error has been detected by the Java Runtime Environment:
#
#  SIGSEGV (0xb) at pc=0x000000012e9212a4, pid=14253, tid=775
#
# JRE version: Java(TM) SE Runtime Environment (13.0.1+9) (build 13.0.1+9)
# Java VM: Java HotSpot(TM) 64-Bit Server VM (13.0.1+9, mixed mode, sharing, tiered, compressed oops, g1 gc, bsd-amd64)
# Problematic frame:
# C  [liblwjgl.jnilib+0x92a4]  +[MacOSXKeyableWindow destroyWindow]+0x14
#
# No core dump will be written. Core dumps have been disabled. To enable core dumping, try "ulimit -c unlimited" before starting Java again
#
# If you would like to submit a bug report, please visit:
#   http://bugreport.java.com/bugreport/crash.jsp
# The crash happened outside the Java Virtual Machine in native code.
# See problematic frame for where to report the bug.
#

---------------  S U M M A R Y ------------

Command Line: -agentlib:jdwp=transport=dt_socket,address=127.0.0.1:49451,suspend=y,server=n -Djava.library.path=lib -javaagent:/Users/maxencelavenu/Library/Caches/IntelliJIdea2019.3/captureAgent/debugger-agent.jar -Dfile.encoding=UTF-8 fr.rphstudio.chess.launcher.MainLauncher

Host: MacBookPro15,2 x86_64 2400 MHz, 8 cores, 8G, Darwin 19.3.0
Time: Thu Feb 13 14:44:36 2020 CET elapsed time: 127 seconds (0d 0h 2m 7s)

---------------  T H R E A D  ---------------

Current thread (0x00007ff0450d0000):  JavaThread "AppKit Thread" daemon [_thread_in_native, id=775, stack(0x00007ffee6bfb000,0x00007ffee73fb000)]

Stack: [0x00007ffee6bfb000,0x00007ffee73fb000],  sp=0x00007ffee73f6c60,  free space=8175k
Native frames: (J=compiled Java code, A=aot compiled Java code, j=interpreted, Vv=VM code, C=native code)
C  [liblwjgl.jnilib+0x92a4]  +[MacOSXKeyableWindow destroyWindow]+0x14
C  [Foundation+0x9c8ab]  __NSThreadPerformPerform+0xfe
C  [CoreFoundation+0x84b21]  __CFRUNLOOP_IS_CALLING_OUT_TO_A_SOURCE0_PERFORM_FUNCTION__+0x11
C  [CoreFoundation+0x84ac0]  __CFRunLoopDoSource0+0x67
C  [CoreFoundation+0x848d4]  __CFRunLoopDoSources0+0xd1
C  [CoreFoundation+0x83740]  __CFRunLoopRun+0x4f8
C  [CoreFoundation+0x82bd3]  CFRunLoopRunSpecific+0x1f3
C  [HIToolbox+0x2f65d]  RunCurrentEventLoopInMode+0x124
C  [HIToolbox+0x2f39d]  ReceiveNextEventCommon+0x258
C  [HIToolbox+0x2f127]  _BlockUntilNextEventMatchingListInModeWithFilter+0x40
C  [AppKit+0x40ba4]  _DPSNextEvent+0x3de
C  [AppKit+0x3f380]  -[NSApplication(NSEvent) _nextEventMatchingEventMask:untilDate:inMode:dequeue:]+0x548
C  [libosxapp.dylib+0x29f1]  -[NSApplicationAWT nextEventMatchingMask:untilDate:inMode:dequeue:]+0x79
C  [AppKit+0x3109e]  -[NSApplication run]+0x292
C  [libosxapp.dylib+0x2836]  +[NSApplicationAWT runAWTLoopWithApp:]+0xde
C  [libawt_lwawt.dylib+0x3834e]  +[AWTStarter starter:headless:]+0x342
C  [JavaNativeFoundation+0x6ff9]  +[JNFRunLoop _performCopiedBlock:]+0xf
C  [Foundation+0x9c8ab]  __NSThreadPerformPerform+0xfe
C  [CoreFoundation+0x84b21]  __CFRUNLOOP_IS_CALLING_OUT_TO_A_SOURCE0_PERFORM_FUNCTION__+0x11
C  [CoreFoundation+0x84ac0]  __CFRunLoopDoSource0+0x67
C  [CoreFoundation+0x848d4]  __CFRunLoopDoSources0+0xd1
C  [CoreFoundation+0x83740]  __CFRunLoopRun+0x4f8
C  [CoreFoundation+0x82bd3]  CFRunLoopRunSpecific+0x1f3
C  [libjli.dylib+0x6619]  CreateExecutionEnvironment+0x18f
C  [libjli.dylib+0x275e]  JLI_Launch+0x54a
C  [java+0xca9]  main+0x16f
C  [libdyld.dylib+0x1a7fd]  start+0x1


siginfo: si_signo: 11 (SIGSEGV), si_code: 1 (SEGV_MAPERR), si_addr: 0x0000000000000050

Register to memory mapping:

RAX=0x00007ff045817920 points into unknown readable memory: 11 ac fd 85 ff ff 5d 00
RBX=0x0 is NULL
RCX=0x0 is NULL
RDX=0x0 is NULL
RSP=0x00007ffee73f6c60 is pointing into the stack for thread: 0x00007ff0450d0000
RBP=0x00007ffee73f6c70 is pointing into the stack for thread: 0x00007ff0450d0000
RSI=0x000000012e932e91: Java_org_lwjgl_opengl_NVVideoCaptureUtil_nglReleaseVideoCaptureDeviceNV+0x1f21 in /Users/maxencelavenu/Projets/itesciaChess/lib/liblwjgl.jnilib at 0x000000012e918000
RDI=0x000000012e953be8: OBJC_CLASS_$_MacOSXKeyableWindow+0 in /Users/maxencelavenu/Projets/itesciaChess/lib/liblwjgl.jnilib at 0x000000012e918000
R8 =0x00000000000130a8 is an unknown value
R9 =0x0 is NULL
R10=0x000000012e954890: OBJC_CLASS_$_GLLayer+0xc58 in /Users/maxencelavenu/Projets/itesciaChess/lib/liblwjgl.jnilib at 0x000000012e918000
R11=0x000000012e921290: +[MacOSXKeyableWindow destroyWindow]+0 in /Users/maxencelavenu/Projets/itesciaChess/lib/liblwjgl.jnilib at 0x000000012e918000
R12=0x0 is NULL
R13=0x00007ff043e99550 points into unknown readable memory: 01 9d 54 86 ff ff 1d 01
R14=0x0 is NULL
R15=0x00007ff043cc65a0 points into unknown readable memory: b0 65 cc 43 f0 7f 00 00


Registers:
RAX=0x00007ff045817920, RBX=0x0000000000000000, RCX=0x0000000000000000, RDX=0x0000000000000000
RSP=0x00007ffee73f6c60, RBP=0x00007ffee73f6c70, RSI=0x000000012e932e91, RDI=0x000000012e953be8
R8 =0x00000000000130a8, R9 =0x0000000000000000, R10=0x000000012e954890, R11=0x000000012e921290
R12=0x0000000000000000, R13=0x00007ff043e99550, R14=0x0000000000000000, R15=0x00007ff043cc65a0
RIP=0x000000012e9212a4, EFLAGS=0x0000000000010206, ERR=0x0000000000000004
  TRAPNO=0x000000000000000e

Top of Stack: (sp=0x00007ffee73f6c60)
0x00007ffee73f6c60:   0000000000000000 00007ff043c09e60
0x00007ffee73f6c70:   00007ffee73f6ce0 00007fff2f92d8ab
0x00007ffee73f6c80:   00007ff04485e068 00007ff043cc65a0
0x00007ffee73f6c90:   00007fff6e90ef4e 00007ff043c09e60
0x00007ffee73f6ca0:   00007fff6e9133ba 00007fff6e9256a2
0x00007ffee73f6cb0:   00007fff6e9133bf 00007fff2f92d7ad
0x00007ffee73f6cc0:   0000000000000001 0000000000000b01
0x00007ffee73f6cd0:   00007ff043cc65a0 0000000600002e88
0x00007ffee73f6ce0:   00007ffee73f6cf0 00007fff2d250b21
0x00007ffee73f6cf0:   00007ffee73f6d20 00007fff2d250ac0
0x00007ffee73f6d00:   000000000000002e 00007ff043c0ab70
0x00007ffee73f6d10:   00007ff043c0a9f0 00007ffee73f6d58
0x00007ffee73f6d20:   00007ffee73f6d90 00007fff2d2508d4
0x00007ffee73f6d30:   00007ff043c0a9f0 0000000000000001
0x00007ffee73f6d40:   00007ff043c0ab80 00007ff043c0aa00
0x00007ffee73f6d50:   00000001e73f6d90 00007ff043cc65b0
0x00007ffee73f6d60:   667cb653595b00cd 00007ff043c0a9f0
0x00007ffee73f6d70:   0000000000000001 0000000000000b01
0x00007ffee73f6d80:   0000000000000a03 00007ff043c0ab70
0x00007ffee73f6d90:   00007ffee73f7aa0 00007fff2d24f740
0x00007ffee73f6da0:   00007ff043c0a9f0 00007ff043c0ab70
0x00007ffee73f6db0:   0000000000000000 0000000000000b03
0x00007ffee73f6dc0:   0000000000001103 00007fff85ea4690
0x00007ffee73f6dd0:   00007fff6e9157f4 00007fff6e9219ae
0x00007ffee73f6de0:   00007fff6e911aa6 00007ff043db5ae0
0x00007ffee73f6df0:   00007ff043db5af0 00007ff043c0ab80
0x00007ffee73f6e00:   00007ff043c0aa00 41c1fac52231545c
0x00007ffee73f6e10:   0000000000000000 000000010000002a
0x00007ffee73f6e20:   422d1bd86a772403 00000b03302d302d
0x00007ffee73f6e30:   0000000000001103 0000000000000000
0x00007ffee73f6e40:   0000000000000000 ffffffffffffffff
0x00007ffee73f6e50:   0000000000000000 0000000108826600 

Instructions: (pc=0x000000012e9212a4)
0x000000012e9211a4:   7c ff ff 48 8b 15 ba 3f 03 00 48 89 04 24 45 89
0x000000012e9211b4:   f9 44 8b 45 c0 8b 4d c4 48 89 de 4c 89 e7 31 c0
0x000000012e9211c4:   ff 55 c8 eb 92 0f 1f 80 00 00 00 00 55 48 89 e5
0x000000012e9211d4:   48 89 5d d8 4c 89 65 e0 4c 89 6d e8 4c 89 75 f0
0x000000012e9211e4:   4c 89 7d f8 48 83 ec 60 89 7d c4 89 75 c0 89 d3
0x000000012e9211f4:   41 89 cf 45 89 c5 4d 89 ce 48 8b 45 10 48 89 45
0x000000012e921204:   b8 31 c0 e8 44 7e ff ff 49 89 c4 48 85 c0 74 0e
0x000000012e921214:   48 8b 00 4c 89 e7 ff 50 78 48 85 c0 74 1e 31 c0
0x000000012e921224:   48 8b 5d d8 4c 8b 65 e0 4c 8b 6d e8 4c 8b 75 f0
0x000000012e921234:   4c 8b 7d f8 c9 e9 42 7e ff ff 66 90 48 83 3d 18
0x000000012e921244:   3f 03 00 00 74 d8 49 8b 04 24 48 8b 80 e8 01 00
0x000000012e921254:   00 48 89 45 c8 44 89 ea 4c 89 f6 4c 89 e7 e8 79
0x000000012e921264:   7b ff ff 48 8b 15 f2 3e 03 00 48 89 44 24 08 44
0x000000012e921274:   89 3c 24 41 89 d9 44 8b 45 c0 8b 4d c4 48 8b 75
0x000000012e921284:   b8 4c 89 e7 31 c0 ff 55 c8 eb 93 90 55 48 89 e5
0x000000012e921294:   53 48 83 ec 08 48 8b 05 e8 3e 03 00 48 8b 58 08
0x000000012e9212a4:   80 7b 50 00 0f 85 92 00 00 00 80 38 00 75 3d 48
0x000000012e9212b4:   8b 3b 48 85 ff 74 70 48 8d 35 1e 2b 03 00 ff 15
0x000000012e9212c4:   18 2b 03 00 48 8b 7b 28 48 39 f8 0f 84 8c 00 00
0x000000012e9212d4:   00 48 8d 35 14 2b 03 00 4c 8b 1d 0d 2b 03 00 48
0x000000012e9212e4:   83 c4 08 5b c9 41 ff e3 0f 1f 40 00 c6 00 00 48
0x000000012e9212f4:   8b 78 28 48 8d 35 c2 2a 03 00 ff 15 bc 2a 03 00
0x000000012e921304:   48 8b 05 7d 3e 03 00 48 8b 78 28 48 8d 35 ba 2a
0x000000012e921314:   03 00 ff 15 b4 2a 03 00 48 8b 05 65 3e 03 00 48
0x000000012e921324:   c7 40 28 00 00 00 00 48 83 c4 08 5b c9 c3 0f 1f
0x000000012e921334:   80 00 00 00 00 0f 1f 80 00 00 00 00 48 8b 7b 28
0x000000012e921344:   31 d2 48 8d 35 63 2a 03 00 ff 15 5d 2a 03 00 48
0x000000012e921354:   c7 03 00 00 00 00 48 83 c4 08 5b c9 c3 48 8d 35
0x000000012e921364:   88 2a 03 00 ff 15 82 2a 03 00 48 8b 3b 48 8d 35
0x000000012e921374:   88 2a 03 00 ff 15 82 2a 03 00 48 c7 03 00 00 00
0x000000012e921384:   00 eb a4 66 0f 1f 84 00 00 00 00 00 55 48 89 e5
0x000000012e921394:   b8 01 00 00 00 c9 c3 0f 1f 44 00 00 55 48 89 e5 


Stack slot to memory mapping:
stack at sp + 0 slots: 0x0 is NULL
stack at sp + 1 slots: 0x00007ff043c09e60 points into unknown readable memory: 99 f5 54 86 ff ff 1d 00
stack at sp + 2 slots: 0x00007ffee73f6ce0 is pointing into the stack for thread: 0x00007ff0450d0000
stack at sp + 3 slots: 0x00007fff2f92d8ab: __NSThreadPerformPerform+0xfe in /System/Library/Frameworks/Foundation.framework/Versions/C/Foundation at 0x00007fff2f891000
stack at sp + 4 slots: 0x00007ff04485e068 points into unknown readable memory: 00 00 00 00 00 00 00 00
stack at sp + 5 slots: 0x00007ff043cc65a0 points into unknown readable memory: b0 65 cc 43 f0 7f 00 00
stack at sp + 6 slots: 0x00007fff6e90ef4e: GCC_except_table733+0xb36d0ea in /usr/lib/libobjc.A.dylib at 0x00007fff63574000
stack at sp + 7 slots: 0x00007ff043c09e60 points into unknown readable memory: 99 f5 54 86 ff ff 1d 00


---------------  P R O C E S S  ---------------

Threads class SMR info:
_java_thread_list=0x00007ff043c74f80, length=15, elements={
0x00007ff044804000, 0x00007ff046800000, 0x00007ff046803000, 0x00007ff04400b000,
0x00007ff04400e000, 0x00007ff044072000, 0x00007ff044073000, 0x00007ff04484a000,
0x00007ff046850000, 0x00007ff044835800, 0x00007ff0450d0000, 0x00007ff0441e7800,
0x00007ff04697a800, 0x00007ff044106000, 0x00007ff04421a800
}

Java Threads: ( => current thread )
  0x00007ff044804000 JavaThread "main" [_thread_in_native, id=5891, stack(0x0000700005b1c000,0x0000700005c1c000)]
  0x00007ff046800000 JavaThread "Reference Handler" daemon [_thread_blocked, id=13827, stack(0x0000700006231000,0x0000700006331000)]
  0x00007ff046803000 JavaThread "Finalizer" daemon [_thread_blocked, id=17411, stack(0x0000700006334000,0x0000700006434000)]
  0x00007ff04400b000 JavaThread "Signal Dispatcher" daemon [_thread_blocked, id=21763, stack(0x000070000653d000,0x000070000663d000)]
  0x00007ff04400e000 JavaThread "C2 CompilerThread0" daemon [_thread_blocked, id=42755, stack(0x0000700006640000,0x0000700006740000)]
  0x00007ff044072000 JavaThread "C1 CompilerThread0" daemon [_thread_blocked, id=22019, stack(0x0000700006743000,0x0000700006843000)]
  0x00007ff044073000 JavaThread "Sweeper thread" daemon [_thread_blocked, id=22531, stack(0x0000700006846000,0x0000700006946000)]
  0x00007ff04484a000 JavaThread "Common-Cleaner" daemon [_thread_blocked, id=23043, stack(0x0000700006949000,0x0000700006a49000)]
  0x00007ff046850000 JavaThread "JDWP Event Helper Thread" daemon [_thread_blocked, id=24835, stack(0x0000700006c52000,0x0000700006d52000)]
  0x00007ff044835800 JavaThread "Service Thread" daemon [_thread_blocked, id=24071, stack(0x0000700006a4c000,0x0000700006b4c000)]
=>0x00007ff0450d0000 JavaThread "AppKit Thread" daemon [_thread_in_native, id=775, stack(0x00007ffee6bfb000,0x00007ffee73fb000)]
  0x00007ff0441e7800 JavaThread "Java2D Disposer" daemon [_thread_blocked, id=66819, stack(0x00007000073f3000,0x00007000074f3000)]
  0x00007ff04697a800 JavaThread "Java2D Queue Flusher" daemon [_thread_blocked, id=130819, stack(0x00007000074f6000,0x00007000075f6000)]
  0x00007ff044106000 JavaThread "AWT-Shutdown" [_thread_blocked, id=30995, stack(0x000070000705e000,0x000070000715e000)]
  0x00007ff04421a800 JavaThread "SIGINT handler" daemon [_thread_blocked, id=56627, stack(0x0000700006b4f000,0x0000700006c4f000)]

Other Threads:
  0x00007ff044847000 VMThread "VM Thread" [stack: 0x000070000612e000,0x000070000622e000] [id=18435] _threads_hazard_ptr=0x00007ff043c74f80
  0x00007ff044835000 GCTaskThread "GC Thread#0" [stack: 0x0000700005c1f000,0x0000700005d1f000] [id=20995]
  0x00007ff044217800 GCTaskThread "GC Thread#1" [stack: 0x00007000075f9000,0x00007000076f9000] [id=88587]
  0x00007ff0448dd800 GCTaskThread "GC Thread#2" [stack: 0x00007000076fc000,0x00007000077fc000] [id=129027]
  0x00007ff0448a6000 GCTaskThread "GC Thread#3" [stack: 0x00007000077ff000,0x00007000078ff000] [id=89347]
  0x00007ff045000800 ConcurrentGCThread "G1 Main Marker" [stack: 0x0000700005d22000,0x0000700005e22000] [id=20483]
  0x00007ff045013800 ConcurrentGCThread "G1 Conc#0" [stack: 0x0000700005e25000,0x0000700005f25000] [id=19971]
  0x00007ff04406e000 ConcurrentGCThread "G1 Refine#0" [stack: 0x0000700005f28000,0x0000700006028000] [id=19459]
  0x00007ff04406f000 ConcurrentGCThread "G1 Young RemSet Sampling" [stack: 0x000070000602b000,0x000070000612b000] [id=12291]

Threads with active compile tasks:

VM state:at safepoint (normal execution)

VM Mutex/Monitor currently owned by a thread:  ([mutex/lock_event])
[0x00007ff043d0bc10] Threads_lock - owner thread: 0x00007ff044847000
[0x00007ff043d0cc10] Heap_lock - owner thread: 0x00007ff04421a800

Heap address: 0x0000000780000000, size: 2048 MB, Compressed Oops mode: Zero based, Oop shift amount: 3
Narrow klass base: 0x0000000800000000, Narrow klass shift: 3
Compressed class space size: 1073741824 Address: 0x0000000800ae0000

Heap:
 garbage-first heap   total 133120K, used 10148K [0x0000000780000000, 0x0000000800000000)
  region size 1024K, 6 young (6144K), 4 survivors (4096K)
 Metaspace       used 7587K, capacity 7848K, committed 8064K, reserved 1056768K
  class space    used 707K, capacity 779K, committed 896K, reserved 1048576K
Heap Regions: E=young(eden), S=young(survivor), O=old, HS=humongous(starts), HC=humongous(continues), CS=collection set, F=free, A=archive, TAMS=top-at-mark-start (previous, next)
|   0|0x0000000780000000, 0x0000000780100000, 0x0000000780100000|100%| O|  |TAMS 0x0000000780000000, 0x0000000780000000| Untracked 
|   1|0x0000000780100000, 0x0000000780200000, 0x0000000780200000|100%| O|  |TAMS 0x0000000780100000, 0x0000000780100000| Untracked 
|   2|0x0000000780200000, 0x0000000780300000, 0x0000000780300000|100%| O|  |TAMS 0x0000000780200000, 0x0000000780200000| Untracked 
|   3|0x0000000780300000, 0x0000000780400000, 0x0000000780400000|100%| O|  |TAMS 0x0000000780300000, 0x0000000780300000| Untracked 
|   4|0x0000000780400000, 0x0000000780500000, 0x0000000780500000|100%| O|  |TAMS 0x0000000780400000, 0x0000000780400000| Untracked 
|   5|0x0000000780500000, 0x0000000780507200, 0x0000000780600000|  2%| O|  |TAMS 0x0000000780500000, 0x0000000780500000| Untracked 
|   6|0x0000000780600000, 0x0000000780600000, 0x0000000780700000|  0%| F|  |TAMS 0x0000000780600000, 0x0000000780600000| Untracked 
|   7|0x0000000780700000, 0x0000000780700000, 0x0000000780800000|  0%| F|  |TAMS 0x0000000780700000, 0x0000000780700000| Untracked 
|   8|0x0000000780800000, 0x0000000780800000, 0x0000000780900000|  0%| F|  |TAMS 0x0000000780800000, 0x0000000780800000| Untracked 
|   9|0x0000000780900000, 0x0000000780900000, 0x0000000780a00000|  0%| F|  |TAMS 0x0000000780900000, 0x0000000780900000| Untracked 
|  10|0x0000000780a00000, 0x0000000780a00000, 0x0000000780b00000|  0%| F|  |TAMS 0x0000000780a00000, 0x0000000780a00000| Untracked 
|  11|0x0000000780b00000, 0x0000000780b00000, 0x0000000780c00000|  0%| F|  |TAMS 0x0000000780b00000, 0x0000000780b00000| Untracked 
|  12|0x0000000780c00000, 0x0000000780c00000, 0x0000000780d00000|  0%| F|  |TAMS 0x0000000780c00000, 0x0000000780c00000| Untracked 
|  13|0x0000000780d00000, 0x0000000780d00000, 0x0000000780e00000|  0%| F|  |TAMS 0x0000000780d00000, 0x0000000780d00000| Untracked 
|  14|0x0000000780e00000, 0x0000000780e00000, 0x0000000780f00000|  0%| F|  |TAMS 0x0000000780e00000, 0x0000000780e00000| Untracked 
|  15|0x0000000780f00000, 0x0000000780f00000, 0x0000000781000000|  0%| F|  |TAMS 0x0000000780f00000, 0x0000000780f00000| Untracked 
|  16|0x0000000781000000, 0x0000000781000000, 0x0000000781100000|  0%| F|  |TAMS 0x0000000781000000, 0x0000000781000000| Untracked 
|  17|0x0000000781100000, 0x0000000781100000, 0x0000000781200000|  0%| F|  |TAMS 0x0000000781100000, 0x0000000781100000| Untracked 
|  18|0x0000000781200000, 0x0000000781200000, 0x0000000781300000|  0%| F|  |TAMS 0x0000000781200000, 0x0000000781200000| Untracked 
|  19|0x0000000781300000, 0x0000000781300000, 0x0000000781400000|  0%| F|  |TAMS 0x0000000781300000, 0x0000000781300000| Untracked 
|  20|0x0000000781400000, 0x0000000781400000, 0x0000000781500000|  0%| F|  |TAMS 0x0000000781400000, 0x0000000781400000| Untracked 
|  21|0x0000000781500000, 0x0000000781500000, 0x0000000781600000|  0%| F|  |TAMS 0x0000000781500000, 0x0000000781500000| Untracked 
|  22|0x0000000781600000, 0x0000000781600000, 0x0000000781700000|  0%| F|  |TAMS 0x0000000781600000, 0x0000000781600000| Untracked 
|  23|0x0000000781700000, 0x0000000781700000, 0x0000000781800000|  0%| F|  |TAMS 0x0000000781700000, 0x0000000781700000| Untracked 
|  24|0x0000000781800000, 0x0000000781800000, 0x0000000781900000|  0%| F|  |TAMS 0x0000000781800000, 0x0000000781800000| Untracked 
|  25|0x0000000781900000, 0x0000000781900000, 0x0000000781a00000|  0%| F|  |TAMS 0x0000000781900000, 0x0000000781900000| Untracked 
|  26|0x0000000781a00000, 0x0000000781a00000, 0x0000000781b00000|  0%| F|  |TAMS 0x0000000781a00000, 0x0000000781a00000| Untracked 
|  27|0x0000000781b00000, 0x0000000781b00000, 0x0000000781c00000|  0%| F|  |TAMS 0x0000000781b00000, 0x0000000781b00000| Untracked 
|  28|0x0000000781c00000, 0x0000000781c00000, 0x0000000781d00000|  0%| F|  |TAMS 0x0000000781c00000, 0x0000000781c00000| Untracked 
|  29|0x0000000781d00000, 0x0000000781d00000, 0x0000000781e00000|  0%| F|  |TAMS 0x0000000781d00000, 0x0000000781d00000| Untracked 
|  30|0x0000000781e00000, 0x0000000781e00000, 0x0000000781f00000|  0%| F|  |TAMS 0x0000000781e00000, 0x0000000781e00000| Untracked 
|  31|0x0000000781f00000, 0x0000000781f00000, 0x0000000782000000|  0%| F|  |TAMS 0x0000000781f00000, 0x0000000781f00000| Untracked 
|  32|0x0000000782000000, 0x0000000782000000, 0x0000000782100000|  0%| F|  |TAMS 0x0000000782000000, 0x0000000782000000| Untracked 
|  33|0x0000000782100000, 0x0000000782100000, 0x0000000782200000|  0%| F|  |TAMS 0x0000000782100000, 0x0000000782100000| Untracked 
|  34|0x0000000782200000, 0x0000000782200000, 0x0000000782300000|  0%| F|  |TAMS 0x0000000782200000, 0x0000000782200000| Untracked 
|  35|0x0000000782300000, 0x0000000782300000, 0x0000000782400000|  0%| F|  |TAMS 0x0000000782300000, 0x0000000782300000| Untracked 
|  36|0x0000000782400000, 0x0000000782400000, 0x0000000782500000|  0%| F|  |TAMS 0x0000000782400000, 0x0000000782400000| Untracked 
|  37|0x0000000782500000, 0x0000000782500000, 0x0000000782600000|  0%| F|  |TAMS 0x0000000782500000, 0x0000000782500000| Untracked 
|  38|0x0000000782600000, 0x0000000782600000, 0x0000000782700000|  0%| F|  |TAMS 0x0000000782600000, 0x0000000782600000| Untracked 
|  39|0x0000000782700000, 0x0000000782700000, 0x0000000782800000|  0%| F|  |TAMS 0x0000000782700000, 0x0000000782700000| Untracked 
|  40|0x0000000782800000, 0x0000000782800000, 0x0000000782900000|  0%| F|  |TAMS 0x0000000782800000, 0x0000000782800000| Untracked 
|  41|0x0000000782900000, 0x0000000782900000, 0x0000000782a00000|  0%| F|  |TAMS 0x0000000782900000, 0x0000000782900000| Untracked 
|  42|0x0000000782a00000, 0x0000000782a00000, 0x0000000782b00000|  0%| F|  |TAMS 0x0000000782a00000, 0x0000000782a00000| Untracked 
|  43|0x0000000782b00000, 0x0000000782b00000, 0x0000000782c00000|  0%| F|  |TAMS 0x0000000782b00000, 0x0000000782b00000| Untracked 
|  44|0x0000000782c00000, 0x0000000782c00000, 0x0000000782d00000|  0%| F|  |TAMS 0x0000000782c00000, 0x0000000782c00000| Untracked 
|  45|0x0000000782d00000, 0x0000000782d00000, 0x0000000782e00000|  0%| F|  |TAMS 0x0000000782d00000, 0x0000000782d00000| Untracked 
|  46|0x0000000782e00000, 0x0000000782e00000, 0x0000000782f00000|  0%| F|  |TAMS 0x0000000782e00000, 0x0000000782e00000| Untracked 
|  47|0x0000000782f00000, 0x0000000782f00000, 0x0000000783000000|  0%| F|  |TAMS 0x0000000782f00000, 0x0000000782f00000| Untracked 
|  48|0x0000000783000000, 0x0000000783000000, 0x0000000783100000|  0%| F|  |TAMS 0x0000000783000000, 0x0000000783000000| Untracked 
|  49|0x0000000783100000, 0x0000000783100000, 0x0000000783200000|  0%| F|  |TAMS 0x0000000783100000, 0x0000000783100000| Untracked 
|  50|0x0000000783200000, 0x0000000783200000, 0x0000000783300000|  0%| F|  |TAMS 0x0000000783200000, 0x0000000783200000| Untracked 
|  51|0x0000000783300000, 0x0000000783300000, 0x0000000783400000|  0%| F|  |TAMS 0x0000000783300000, 0x0000000783300000| Untracked 
|  52|0x0000000783400000, 0x0000000783400000, 0x0000000783500000|  0%| F|  |TAMS 0x0000000783400000, 0x0000000783400000| Untracked 
|  53|0x0000000783500000, 0x0000000783500000, 0x0000000783600000|  0%| F|  |TAMS 0x0000000783500000, 0x0000000783500000| Untracked 
|  54|0x0000000783600000, 0x0000000783600000, 0x0000000783700000|  0%| F|  |TAMS 0x0000000783600000, 0x0000000783600000| Untracked 
|  55|0x0000000783700000, 0x0000000783700000, 0x0000000783800000|  0%| F|  |TAMS 0x0000000783700000, 0x0000000783700000| Untracked 
|  56|0x0000000783800000, 0x0000000783800000, 0x0000000783900000|  0%| F|  |TAMS 0x0000000783800000, 0x0000000783800000| Untracked 
|  57|0x0000000783900000, 0x0000000783900000, 0x0000000783a00000|  0%| F|  |TAMS 0x0000000783900000, 0x0000000783900000| Untracked 
|  58|0x0000000783a00000, 0x0000000783a00000, 0x0000000783b00000|  0%| F|  |TAMS 0x0000000783a00000, 0x0000000783a00000| Untracked 
|  59|0x0000000783b00000, 0x0000000783b00000, 0x0000000783c00000|  0%| F|  |TAMS 0x0000000783b00000, 0x0000000783b00000| Untracked 
|  60|0x0000000783c00000, 0x0000000783c00000, 0x0000000783d00000|  0%| F|  |TAMS 0x0000000783c00000, 0x0000000783c00000| Untracked 
|  61|0x0000000783d00000, 0x0000000783d00000, 0x0000000783e00000|  0%| F|  |TAMS 0x0000000783d00000, 0x0000000783d00000| Untracked 
|  62|0x0000000783e00000, 0x0000000783e00000, 0x0000000783f00000|  0%| F|  |TAMS 0x0000000783e00000, 0x0000000783e00000| Untracked 
|  63|0x0000000783f00000, 0x0000000783f23ec0, 0x0000000784000000| 14%| S|CS|TAMS 0x0000000783f00000, 0x0000000783f00000| Complete 
|  64|0x0000000784000000, 0x0000000784100000, 0x0000000784100000|100%| S|CS|TAMS 0x0000000784000000, 0x0000000784000000| Complete 
|  65|0x0000000784100000, 0x0000000784200000, 0x0000000784200000|100%| S|CS|TAMS 0x0000000784100000, 0x0000000784100000| Complete 
|  66|0x0000000784200000, 0x0000000784300000, 0x0000000784300000|100%| S|CS|TAMS 0x0000000784200000, 0x0000000784200000| Complete 
|  67|0x0000000784300000, 0x0000000784300000, 0x0000000784400000|  0%| F|  |TAMS 0x0000000784300000, 0x0000000784300000| Untracked 
|  68|0x0000000784400000, 0x0000000784400000, 0x0000000784500000|  0%| F|  |TAMS 0x0000000784400000, 0x0000000784400000| Untracked 
|  69|0x0000000784500000, 0x0000000784500000, 0x0000000784600000|  0%| F|  |TAMS 0x0000000784500000, 0x0000000784500000| Untracked 
|  70|0x0000000784600000, 0x0000000784600000, 0x0000000784700000|  0%| F|  |TAMS 0x0000000784600000, 0x0000000784600000| Untracked 
|  71|0x0000000784700000, 0x0000000784700000, 0x0000000784800000|  0%| F|  |TAMS 0x0000000784700000, 0x0000000784700000| Untracked 
|  72|0x0000000784800000, 0x0000000784800000, 0x0000000784900000|  0%| F|  |TAMS 0x0000000784800000, 0x0000000784800000| Untracked 
|  73|0x0000000784900000, 0x0000000784900000, 0x0000000784a00000|  0%| F|  |TAMS 0x0000000784900000, 0x0000000784900000| Untracked 
|  74|0x0000000784a00000, 0x0000000784a00000, 0x0000000784b00000|  0%| F|  |TAMS 0x0000000784a00000, 0x0000000784a00000| Untracked 
|  75|0x0000000784b00000, 0x0000000784b00000, 0x0000000784c00000|  0%| F|  |TAMS 0x0000000784b00000, 0x0000000784b00000| Untracked 
|  76|0x0000000784c00000, 0x0000000784c00000, 0x0000000784d00000|  0%| F|  |TAMS 0x0000000784c00000, 0x0000000784c00000| Untracked 
|  77|0x0000000784d00000, 0x0000000784d00000, 0x0000000784e00000|  0%| F|  |TAMS 0x0000000784d00000, 0x0000000784d00000| Untracked 
|  78|0x0000000784e00000, 0x0000000784e00000, 0x0000000784f00000|  0%| F|  |TAMS 0x0000000784e00000, 0x0000000784e00000| Untracked 
|  79|0x0000000784f00000, 0x0000000784f00000, 0x0000000785000000|  0%| F|  |TAMS 0x0000000784f00000, 0x0000000784f00000| Untracked 
|  80|0x0000000785000000, 0x0000000785000000, 0x0000000785100000|  0%| F|  |TAMS 0x0000000785000000, 0x0000000785000000| Untracked 
|  81|0x0000000785100000, 0x0000000785100000, 0x0000000785200000|  0%| F|  |TAMS 0x0000000785100000, 0x0000000785100000| Untracked 
|  82|0x0000000785200000, 0x0000000785200000, 0x0000000785300000|  0%| F|  |TAMS 0x0000000785200000, 0x0000000785200000| Untracked 
|  83|0x0000000785300000, 0x0000000785300000, 0x0000000785400000|  0%| F|  |TAMS 0x0000000785300000, 0x0000000785300000| Untracked 
|  84|0x0000000785400000, 0x0000000785400000, 0x0000000785500000|  0%| F|  |TAMS 0x0000000785400000, 0x0000000785400000| Untracked 
|  85|0x0000000785500000, 0x0000000785500000, 0x0000000785600000|  0%| F|  |TAMS 0x0000000785500000, 0x0000000785500000| Untracked 
|  86|0x0000000785600000, 0x0000000785600000, 0x0000000785700000|  0%| F|  |TAMS 0x0000000785600000, 0x0000000785600000| Untracked 
|  87|0x0000000785700000, 0x0000000785700000, 0x0000000785800000|  0%| F|  |TAMS 0x0000000785700000, 0x0000000785700000| Untracked 
|  88|0x0000000785800000, 0x0000000785800000, 0x0000000785900000|  0%| F|  |TAMS 0x0000000785800000, 0x0000000785800000| Untracked 
|  89|0x0000000785900000, 0x0000000785900000, 0x0000000785a00000|  0%| F|  |TAMS 0x0000000785900000, 0x0000000785900000| Untracked 
|  90|0x0000000785a00000, 0x0000000785a00000, 0x0000000785b00000|  0%| F|  |TAMS 0x0000000785a00000, 0x0000000785a00000| Untracked 
|  91|0x0000000785b00000, 0x0000000785b00000, 0x0000000785c00000|  0%| F|  |TAMS 0x0000000785b00000, 0x0000000785b00000| Untracked 
|  92|0x0000000785c00000, 0x0000000785c00000, 0x0000000785d00000|  0%| F|  |TAMS 0x0000000785c00000, 0x0000000785c00000| Untracked 
|  93|0x0000000785d00000, 0x0000000785d00000, 0x0000000785e00000|  0%| F|  |TAMS 0x0000000785d00000, 0x0000000785d00000| Untracked 
|  94|0x0000000785e00000, 0x0000000785e00000, 0x0000000785f00000|  0%| F|  |TAMS 0x0000000785e00000, 0x0000000785e00000| Untracked 
|  95|0x0000000785f00000, 0x0000000785f00000, 0x0000000786000000|  0%| F|  |TAMS 0x0000000785f00000, 0x0000000785f00000| Untracked 
|  96|0x0000000786000000, 0x0000000786000000, 0x0000000786100000|  0%| F|  |TAMS 0x0000000786000000, 0x0000000786000000| Untracked 
|  97|0x0000000786100000, 0x0000000786100000, 0x0000000786200000|  0%| F|  |TAMS 0x0000000786100000, 0x0000000786100000| Untracked 
|  98|0x0000000786200000, 0x0000000786200000, 0x0000000786300000|  0%| F|  |TAMS 0x0000000786200000, 0x0000000786200000| Untracked 
|  99|0x0000000786300000, 0x0000000786300000, 0x0000000786400000|  0%| F|  |TAMS 0x0000000786300000, 0x0000000786300000| Untracked 
| 100|0x0000000786400000, 0x0000000786400000, 0x0000000786500000|  0%| F|  |TAMS 0x0000000786400000, 0x0000000786400000| Untracked 
| 101|0x0000000786500000, 0x0000000786500000, 0x0000000786600000|  0%| F|  |TAMS 0x0000000786500000, 0x0000000786500000| Untracked 
| 102|0x0000000786600000, 0x0000000786600000, 0x0000000786700000|  0%| F|  |TAMS 0x0000000786600000, 0x0000000786600000| Untracked 
| 103|0x0000000786700000, 0x0000000786700000, 0x0000000786800000|  0%| F|  |TAMS 0x0000000786700000, 0x0000000786700000| Untracked 
| 104|0x0000000786800000, 0x0000000786800000, 0x0000000786900000|  0%| F|  |TAMS 0x0000000786800000, 0x0000000786800000| Untracked 
| 105|0x0000000786900000, 0x0000000786900000, 0x0000000786a00000|  0%| F|  |TAMS 0x0000000786900000, 0x0000000786900000| Untracked 
| 106|0x0000000786a00000, 0x0000000786a00000, 0x0000000786b00000|  0%| F|  |TAMS 0x0000000786a00000, 0x0000000786a00000| Untracked 
| 107|0x0000000786b00000, 0x0000000786b00000, 0x0000000786c00000|  0%| F|  |TAMS 0x0000000786b00000, 0x0000000786b00000| Untracked 
| 108|0x0000000786c00000, 0x0000000786c00000, 0x0000000786d00000|  0%| F|  |TAMS 0x0000000786c00000, 0x0000000786c00000| Untracked 
| 109|0x0000000786d00000, 0x0000000786d00000, 0x0000000786e00000|  0%| F|  |TAMS 0x0000000786d00000, 0x0000000786d00000| Untracked 
| 110|0x0000000786e00000, 0x0000000786e00000, 0x0000000786f00000|  0%| F|  |TAMS 0x0000000786e00000, 0x0000000786e00000| Untracked 
| 111|0x0000000786f00000, 0x0000000786f00000, 0x0000000787000000|  0%| F|  |TAMS 0x0000000786f00000, 0x0000000786f00000| Untracked 
| 112|0x0000000787000000, 0x0000000787000000, 0x0000000787100000|  0%| F|  |TAMS 0x0000000787000000, 0x0000000787000000| Untracked 
| 113|0x0000000787100000, 0x0000000787100000, 0x0000000787200000|  0%| F|  |TAMS 0x0000000787100000, 0x0000000787100000| Untracked 
| 114|0x0000000787200000, 0x0000000787200000, 0x0000000787300000|  0%| F|  |TAMS 0x0000000787200000, 0x0000000787200000| Untracked 
| 115|0x0000000787300000, 0x0000000787300000, 0x0000000787400000|  0%| F|  |TAMS 0x0000000787300000, 0x0000000787300000| Untracked 
| 116|0x0000000787400000, 0x0000000787400000, 0x0000000787500000|  0%| F|  |TAMS 0x0000000787400000, 0x0000000787400000| Untracked 
| 117|0x0000000787500000, 0x0000000787500000, 0x0000000787600000|  0%| F|  |TAMS 0x0000000787500000, 0x0000000787500000| Untracked 
| 118|0x0000000787600000, 0x0000000787600000, 0x0000000787700000|  0%| F|  |TAMS 0x0000000787600000, 0x0000000787600000| Untracked 
| 119|0x0000000787700000, 0x0000000787700000, 0x0000000787800000|  0%| F|  |TAMS 0x0000000787700000, 0x0000000787700000| Untracked 
| 120|0x0000000787800000, 0x0000000787800000, 0x0000000787900000|  0%| F|  |TAMS 0x0000000787800000, 0x0000000787800000| Untracked 
| 121|0x0000000787900000, 0x0000000787900000, 0x0000000787a00000|  0%| F|  |TAMS 0x0000000787900000, 0x0000000787900000| Untracked 
| 122|0x0000000787a00000, 0x0000000787a00000, 0x0000000787b00000|  0%| F|  |TAMS 0x0000000787a00000, 0x0000000787a00000| Untracked 
| 123|0x0000000787b00000, 0x0000000787b00000, 0x0000000787c00000|  0%| F|  |TAMS 0x0000000787b00000, 0x0000000787b00000| Untracked 
| 124|0x0000000787c00000, 0x0000000787c00000, 0x0000000787d00000|  0%| F|  |TAMS 0x0000000787c00000, 0x0000000787c00000| Untracked 
| 125|0x0000000787d00000, 0x0000000787d00000, 0x0000000787e00000|  0%| F|  |TAMS 0x0000000787d00000, 0x0000000787d00000| Untracked 
| 126|0x0000000787e00000, 0x0000000787e00800, 0x0000000787f00000|  0%| E|  |TAMS 0x0000000787e00000, 0x0000000787e00000| Complete 
| 127|0x0000000787f00000, 0x0000000788000000, 0x0000000788000000|100%| E|CS|TAMS 0x0000000787f00000, 0x0000000787f00000| Complete 
|1022|0x00000007bfe00000, 0x00000007bfe47000, 0x00000007bff00000| 27%|OA|  |TAMS 0x00000007bfe00000, 0x00000007bfe00000| Untracked 
|1023|0x00000007bff00000, 0x00000007bff77000, 0x00000007c0000000| 46%|CA|  |TAMS 0x00000007bff00000, 0x00000007bff00000| Untracked 

Card table byte_map: [0x0000000122b0d000,0x0000000122f0d000] _byte_map_base: 0x000000011ef0d000

Marking Bits (Prev, Next): (CMBitMap*) 0x00007ff045000018, (CMBitMap*) 0x00007ff045000058
 Prev Bits: [0x000000012330d000, 0x000000012530d000)
 Next Bits: [0x000000012530d000, 0x000000012730d000)

Polling page: 0x000000010962b000

Metaspace:

Usage:
  Non-class:      6.90 MB capacity,     6.72 MB ( 97%) used,   175.25 KB (  2%) free+waste,    13.50 KB ( <1%) overhead. 
      Class:    779.00 KB capacity,   707.34 KB ( 91%) used,    64.91 KB (  8%) free+waste,     6.75 KB ( <1%) overhead. 
       Both:      7.66 MB capacity,     7.41 MB ( 97%) used,   240.16 KB (  3%) free+waste,    20.25 KB ( <1%) overhead. 

Virtual space:
  Non-class space:        8.00 MB reserved,       7.00 MB ( 88%) committed 
      Class space:        1.00 GB reserved,     896.00 KB ( <1%) committed 
             Both:        1.01 GB reserved,       7.88 MB ( <1%) committed 

Chunk freelists:
   Non-Class:  27.00 KB
       Class:  21.00 KB
        Both:  48.00 KB

MaxMetaspaceSize: unlimited
CompressedClassSpaceSize: 1.00 GB

CodeHeap 'non-profiled nmethods': size=120032Kb used=652Kb max_used=652Kb free=119379Kb
 bounds [0x000000011a7ef000, 0x000000011aa5f000, 0x0000000121d27000]
CodeHeap 'profiled nmethods': size=120028Kb used=2545Kb max_used=2545Kb free=117482Kb
 bounds [0x00000001132b8000, 0x0000000113538000, 0x000000011a7ef000]
CodeHeap 'non-nmethods': size=5700Kb used=1377Kb max_used=1399Kb free=4322Kb
 bounds [0x0000000112d27000, 0x0000000112f97000, 0x00000001132b8000]
 total_blobs=2233 nmethods=1271 adapters=520
 compilation: enabled
              stopped_count=0, restarted_count=0
 full_count=0

Compilation events (20 events):
Event: 4.975 Thread 0x00007ff044072000 1264       3       fr.rphstudio.chess.game.TimeManager::getPlayerTime (62 bytes)
Event: 4.975 Thread 0x00007ff044072000 nmethod 1264 0x000000011352dc90 code [0x000000011352de40, 0x000000011352e170]
Event: 4.975 Thread 0x00007ff044072000 1265       3       org.newdawn.slick.Color::<init> (49 bytes)
Event: 4.975 Thread 0x00007ff044072000 nmethod 1265 0x000000011352e310 code [0x000000011352e4e0, 0x000000011352e7d0]
Event: 4.975 Thread 0x00007ff044072000 1266       3       fr.rphstudio.chess.launcher.ChessGameController::displayPlayerInfo (287 bytes)
Event: 4.979 Thread 0x00007ff044072000 nmethod 1266 0x000000011352e910 code [0x000000011352eec0, 0x0000000113531698]
Event: 5.072 Thread 0x00007ff044072000 1267       3       jdk.internal.misc.Unsafe::toUnsignedLong (7 bytes)
Event: 5.072 Thread 0x00007ff044072000 nmethod 1267 0x0000000113532710 code [0x00000001135328a0, 0x00000001135329f0]
Event: 5.229 Thread 0x00007ff044072000 1268       3       java.nio.HeapByteBuffer::put (16 bytes)
Event: 5.230 Thread 0x00007ff044072000 nmethod 1268 0x0000000113532a90 code [0x0000000113532c60, 0x0000000113532fc8]
Event: 5.245 Thread 0x00007ff044072000 1269       3       jdk.internal.misc.Unsafe::convEndian (16 bytes)
Event: 5.245 Thread 0x00007ff044072000 nmethod 1269 0x0000000113533190 code [0x0000000113533340, 0x0000000113533508]
Event: 5.245 Thread 0x00007ff044072000 1270       3       java.lang.Long::reverseBytes (46 bytes)
Event: 5.245 Thread 0x00007ff044072000 nmethod 1270 0x0000000113533590 code [0x0000000113533720, 0x00000001135338d0]
Event: 5.255 Thread 0x00007ff044072000 1271       3       java.nio.HeapByteBuffer::get (14 bytes)
Event: 5.256 Thread 0x00007ff044072000 nmethod 1271 0x0000000113533990 code [0x0000000113533b60, 0x0000000113533ec8]
Event: 127.147 Thread 0x00007ff044072000 1272       3       java.lang.StringBuilder::append (8 bytes)
Event: 127.147 Thread 0x00007ff044072000 nmethod 1272 0x0000000113534090 code [0x0000000113534240, 0x0000000113534408]
Event: 127.202 Thread 0x00007ff044072000 1273       1       java.util.concurrent.CopyOnWriteArrayList::getArray (5 bytes)
Event: 127.202 Thread 0x00007ff044072000 nmethod 1273 0x000000011a891f10 code [0x000000011a8920a0, 0x000000011a8921d0]

GC Heap History (6 events):
Event: 1.823 GC heap before
{Heap before GC invocations=0 (full 0):
 garbage-first heap   total 133120K, used 24312K [0x0000000780000000, 0x0000000800000000)
  region size 1024K, 24 young (24576K), 0 survivors (0K)
 Metaspace       used 7173K, capacity 7368K, committed 7424K, reserved 1056768K
  class space    used 671K, capacity 747K, committed 768K, reserved 1048576K
}
Event: 1.832 GC heap after
{Heap after GC invocations=1 (full 0):
 garbage-first heap   total 133120K, used 8980K [0x0000000780000000, 0x0000000800000000)
  region size 1024K, 3 young (3072K), 3 survivors (3072K)
 Metaspace       used 7173K, capacity 7368K, committed 7424K, reserved 1056768K
  class space    used 671K, capacity 747K, committed 768K, reserved 1048576K
}
Event: 2.307 GC heap before
{Heap before GC invocations=1 (full 0):
 garbage-first heap   total 133120K, used 120596K [0x0000000780000000, 0x0000000800000000)
  region size 1024K, 76 young (77824K), 3 survivors (3072K)
 Metaspace       used 7452K, capacity 7656K, committed 7808K, reserved 1056768K
  class space    used 701K, capacity 779K, committed 896K, reserved 1048576K
}
Event: 2.316 GC heap after
{Heap after GC invocations=2 (full 0):
 garbage-first heap   total 133120K, used 31777K [0x0000000780000000, 0x0000000800000000)
  region size 1024K, 4 young (4096K), 4 survivors (4096K)
 Metaspace       used 7452K, capacity 7656K, committed 7808K, reserved 1056768K
  class space    used 701K, capacity 779K, committed 896K, reserved 1048576K
}
Event: 127.193 GC heap before
{Heap before GC invocations=2 (full 0):
 garbage-first heap   total 133120K, used 94241K [0x0000000780000000, 0x0000000800000000)
  region size 1024K, 65 young (66560K), 4 survivors (4096K)
 Metaspace       used 7584K, capacity 7784K, committed 8064K, reserved 1056768K
  class space    used 706K, capacity 779K, committed 896K, reserved 1048576K
}
Event: 127.198 GC heap after
{Heap after GC invocations=3 (full 0):
 garbage-first heap   total 133120K, used 9124K [0x0000000780000000, 0x0000000800000000)
  region size 1024K, 4 young (4096K), 4 survivors (4096K)
 Metaspace       used 7584K, capacity 7784K, committed 8064K, reserved 1056768K
  class space    used 706K, capacity 779K, committed 896K, reserved 1048576K
}

Deoptimization events (20 events):
Event: 5.239 Thread 0x00007ff044804000 DEOPT PACKING pc=0x00000001134f6c8a sp=0x0000700005c1b730
Event: 5.239 Thread 0x00007ff044804000 DEOPT UNPACKING pc=0x0000000112d7033a sp=0x0000700005c1ac08 mode 1
Event: 5.240 Thread 0x00007ff044804000 DEOPT PACKING pc=0x00000001134f6c8a sp=0x0000700005c1b730
Event: 5.240 Thread 0x00007ff044804000 DEOPT UNPACKING pc=0x0000000112d7033a sp=0x0000700005c1ac08 mode 1
Event: 5.255 Thread 0x00007ff044804000 DEOPT PACKING pc=0x0000000113511034 sp=0x0000700005c1b490
Event: 5.255 Thread 0x00007ff044804000 DEOPT UNPACKING pc=0x0000000112d7033a sp=0x0000700005c1ac28 mode 1
Event: 5.256 Thread 0x00007ff044804000 DEOPT PACKING pc=0x00000001134f6c8a sp=0x0000700005c1b730
Event: 5.256 Thread 0x00007ff044804000 DEOPT UNPACKING pc=0x0000000112d7033a sp=0x0000700005c1ac08 mode 1
Event: 5.256 Thread 0x00007ff044804000 DEOPT PACKING pc=0x00000001134f6c8a sp=0x0000700005c1b730
Event: 5.256 Thread 0x00007ff044804000 DEOPT UNPACKING pc=0x0000000112d7033a sp=0x0000700005c1ac08 mode 1
Event: 127.144 Thread 0x00007ff044804000 DEOPT PACKING pc=0x00000001135093c4 sp=0x0000700005c1b710
Event: 127.144 Thread 0x00007ff044804000 DEOPT UNPACKING pc=0x0000000112d7033a sp=0x0000700005c1ac70 mode 1
Event: 127.144 Thread 0x00007ff044804000 Uncommon trap: trap_request=0xffffff45 fr.pc=0x000000011a83c9c8 relative=0x0000000000000708
Event: 127.144 Thread 0x00007ff044804000 Uncommon trap: reason=unstable_if action=reinterpret pc=0x000000011a83c9c8 method=java.lang.AbstractStringBuilder.append(Ljava/lang/String;)Ljava/lang/AbstractStringBuilder; @ 1 c2
Event: 127.144 Thread 0x00007ff044804000 DEOPT PACKING pc=0x000000011a83c9c8 sp=0x0000700005c1b7b0
Event: 127.144 Thread 0x00007ff044804000 DEOPT UNPACKING pc=0x0000000112d6fe25 sp=0x0000700005c1b750 mode 2
Event: 127.201 Thread 0x00007ff0469fb000 Uncommon trap: trap_request=0xffffffcc fr.pc=0x000000011a85b71c relative=0x00000000000001dc
Event: 127.201 Thread 0x00007ff0469fb000 Uncommon trap: reason=intrinsic_or_type_checked_inlining action=make_not_entrant pc=0x000000011a85b71c method=java.util.Arrays.copyOf([Ljava/lang/Object;ILjava/lang/Class;)[Ljava/lang/Object; @ 35 c2
Event: 127.201 Thread 0x00007ff0469fb000 DEOPT PACKING pc=0x000000011a85b71c sp=0x0000700007a016c0
Event: 127.201 Thread 0x00007ff0469fb000 DEOPT UNPACKING pc=0x0000000112d6fe25 sp=0x0000700007a01678 mode 2

Classes unloaded (0 events):
No events

Classes redefined (0 events):
No events

Internal exceptions (20 events):
Event: 5.190 Thread 0x00007ff044804000 Implicit null exception at 0x00000001134f6a8a to 0x00000001134f6c85
Event: 5.190 Thread 0x00007ff044804000 Exception <a 'java/lang/NullPointerException'{0x0000000784436310}> (0x0000000784436310) 
thrown [/scratch/mesos/slaves/fcf4c0c4-d73e-4321-860c-6613427db92b-S2452/frameworks/1735e8a2-a1db-478c-8104-60c8b0af87dd-0196/executors/ab12d1f8-defd-4a26-b83a-82b67c14bc8d/runs/ad8904cf-d9a8-428f-8f86-4d88be7b86bd/workspace/open/src/hotspot/share/runtime/sharedRuntime.cpp, line 585]
Event: 5.206 Thread 0x00007ff044804000 Implicit null exception at 0x00000001134f6a8a to 0x00000001134f6c85
Event: 5.206 Thread 0x00007ff044804000 Exception <a 'java/lang/NullPointerException'{0x0000000784450a18}> (0x0000000784450a18) 
thrown [/scratch/mesos/slaves/fcf4c0c4-d73e-4321-860c-6613427db92b-S2452/frameworks/1735e8a2-a1db-478c-8104-60c8b0af87dd-0196/executors/ab12d1f8-defd-4a26-b83a-82b67c14bc8d/runs/ad8904cf-d9a8-428f-8f86-4d88be7b86bd/workspace/open/src/hotspot/share/runtime/sharedRuntime.cpp, line 585]
Event: 5.206 Thread 0x00007ff044804000 Implicit null exception at 0x00000001134f6a8a to 0x00000001134f6c85
Event: 5.206 Thread 0x00007ff044804000 Exception <a 'java/lang/NullPointerException'{0x0000000784456a18}> (0x0000000784456a18) 
thrown [/scratch/mesos/slaves/fcf4c0c4-d73e-4321-860c-6613427db92b-S2452/frameworks/1735e8a2-a1db-478c-8104-60c8b0af87dd-0196/executors/ab12d1f8-defd-4a26-b83a-82b67c14bc8d/runs/ad8904cf-d9a8-428f-8f86-4d88be7b86bd/workspace/open/src/hotspot/share/runtime/sharedRuntime.cpp, line 585]
Event: 5.223 Thread 0x00007ff044804000 Implicit null exception at 0x00000001134f6a8a to 0x00000001134f6c85
Event: 5.223 Thread 0x00007ff044804000 Exception <a 'java/lang/NullPointerException'{0x0000000784471120}> (0x0000000784471120) 
thrown [/scratch/mesos/slaves/fcf4c0c4-d73e-4321-860c-6613427db92b-S2452/frameworks/1735e8a2-a1db-478c-8104-60c8b0af87dd-0196/executors/ab12d1f8-defd-4a26-b83a-82b67c14bc8d/runs/ad8904cf-d9a8-428f-8f86-4d88be7b86bd/workspace/open/src/hotspot/share/runtime/sharedRuntime.cpp, line 585]
Event: 5.223 Thread 0x00007ff044804000 Implicit null exception at 0x00000001134f6a8a to 0x00000001134f6c85
Event: 5.223 Thread 0x00007ff044804000 Exception <a 'java/lang/NullPointerException'{0x0000000784477120}> (0x0000000784477120) 
thrown [/scratch/mesos/slaves/fcf4c0c4-d73e-4321-860c-6613427db92b-S2452/frameworks/1735e8a2-a1db-478c-8104-60c8b0af87dd-0196/executors/ab12d1f8-defd-4a26-b83a-82b67c14bc8d/runs/ad8904cf-d9a8-428f-8f86-4d88be7b86bd/workspace/open/src/hotspot/share/runtime/sharedRuntime.cpp, line 585]
Event: 5.239 Thread 0x00007ff044804000 Implicit null exception at 0x00000001134f6a8a to 0x00000001134f6c85
Event: 5.239 Thread 0x00007ff044804000 Exception <a 'java/lang/NullPointerException'{0x0000000784491a78}> (0x0000000784491a78) 
thrown [/scratch/mesos/slaves/fcf4c0c4-d73e-4321-860c-6613427db92b-S2452/frameworks/1735e8a2-a1db-478c-8104-60c8b0af87dd-0196/executors/ab12d1f8-defd-4a26-b83a-82b67c14bc8d/runs/ad8904cf-d9a8-428f-8f86-4d88be7b86bd/workspace/open/src/hotspot/share/runtime/sharedRuntime.cpp, line 585]
Event: 5.240 Thread 0x00007ff044804000 Implicit null exception at 0x00000001134f6a8a to 0x00000001134f6c85
Event: 5.240 Thread 0x00007ff044804000 Exception <a 'java/lang/NullPointerException'{0x0000000784497a78}> (0x0000000784497a78) 
thrown [/scratch/mesos/slaves/fcf4c0c4-d73e-4321-860c-6613427db92b-S2452/frameworks/1735e8a2-a1db-478c-8104-60c8b0af87dd-0196/executors/ab12d1f8-defd-4a26-b83a-82b67c14bc8d/runs/ad8904cf-d9a8-428f-8f86-4d88be7b86bd/workspace/open/src/hotspot/share/runtime/sharedRuntime.cpp, line 585]
Event: 5.256 Thread 0x00007ff044804000 Implicit null exception at 0x00000001134f6a8a to 0x00000001134f6c85
Event: 5.256 Thread 0x00007ff044804000 Exception <a 'java/lang/NullPointerException'{0x00000007844b2180}> (0x00000007844b2180) 
thrown [/scratch/mesos/slaves/fcf4c0c4-d73e-4321-860c-6613427db92b-S2452/frameworks/1735e8a2-a1db-478c-8104-60c8b0af87dd-0196/executors/ab12d1f8-defd-4a26-b83a-82b67c14bc8d/runs/ad8904cf-d9a8-428f-8f86-4d88be7b86bd/workspace/open/src/hotspot/share/runtime/sharedRuntime.cpp, line 585]
Event: 5.256 Thread 0x00007ff044804000 Implicit null exception at 0x00000001134f6a8a to 0x00000001134f6c85
Event: 5.256 Thread 0x00007ff044804000 Exception <a 'java/lang/NullPointerException'{0x00000007844b8180}> (0x00000007844b8180) 
thrown [/scratch/mesos/slaves/fcf4c0c4-d73e-4321-860c-6613427db92b-S2452/frameworks/1735e8a2-a1db-478c-8104-60c8b0af87dd-0196/executors/ab12d1f8-defd-4a26-b83a-82b67c14bc8d/runs/ad8904cf-d9a8-428f-8f86-4d88be7b86bd/workspace/open/src/hotspot/share/runtime/sharedRuntime.cpp, line 585]
Event: 127.144 Thread 0x00007ff044804000 Exception <a 'java/lang/NullPointerException'{0x00000007844c6558}> (0x00000007844c6558) 
thrown [/scratch/mesos/slaves/fcf4c0c4-d73e-4321-860c-6613427db92b-S2452/frameworks/1735e8a2-a1db-478c-8104-60c8b0af87dd-0196/executors/ab12d1f8-defd-4a26-b83a-82b67c14bc8d/runs/ad8904cf-d9a8-428f-8f86-4d88be7b86bd/workspace/open/src/hotspot/share/interpreter/linkResolver.cpp, line 1349]
Event: 127.144 Thread 0x00007ff044804000 Implicit null exception at 0x000000011a83c302 to 0x000000011a83c9aa

Events (20 events):
Event: 127.201 Executing VM operation: RevokeBias
Event: 127.201 Executing VM operation: RevokeBias done
Event: 127.201 Executing VM operation: RevokeBias
Event: 127.201 Executing VM operation: RevokeBias done
Event: 127.201 Executing VM operation: RevokeBias
Event: 127.201 Executing VM operation: RevokeBias done
Event: 127.201 Executing VM operation: RevokeBias
Event: 127.201 Executing VM operation: RevokeBias done
Event: 127.202 Executing VM operation: RevokeBias
Event: 127.202 Executing VM operation: RevokeBias done
Event: 127.202 Executing VM operation: RevokeBias
Event: 127.202 Executing VM operation: RevokeBias done
Event: 127.202 Executing VM operation: RevokeBias
Event: 127.202 Executing VM operation: RevokeBias done
Event: 127.202 Protecting memory [0x0000700007902000,0x0000700007906000] with protection modes 3
Event: 127.202 Thread 0x00007ff0469fb000 Thread exited: 0x00007ff0469fb000
Event: 127.204 Protecting memory [0x0000700006f5b000,0x0000700006f5f000] with protection modes 3
Event: 127.204 Thread 0x00007ff0440d8000 Thread exited: 0x00007ff0440d8000
Event: 127.204 Executing VM operation: Exit
Event: 127.204 Protecting memory [0x000070000653d000,0x0000700006541000] with protection modes 3


Dynamic libraries:
0x00007fff63c50000 	/usr/lib/libz.1.dylib
0x000000010880d000 	/Library/Java/JavaVirtualMachines/jdk-13.0.1.jdk/Contents/Home/lib/libjli.dylib
0x00007fff2c255000 	/System/Library/Frameworks/Cocoa.framework/Versions/A/Cocoa
0x00007fff39823000 	/System/Library/Frameworks/Security.framework/Versions/A/Security
0x00007fff2b1df000 	/System/Library/Frameworks/ApplicationServices.framework/Versions/A/ApplicationServices
0x00007fff6171f000 	/usr/lib/libSystem.B.dylib
0x00007fff646c6000 	/usr/lib/system/libcache.dylib
0x00007fff646cc000 	/usr/lib/system/libcommonCrypto.dylib
0x00007fff646d8000 	/usr/lib/system/libcompiler_rt.dylib
0x00007fff646e0000 	/usr/lib/system/libcopyfile.dylib
0x00007fff646ea000 	/usr/lib/system/libcorecrypto.dylib
0x00007fff64898000 	/usr/lib/system/libdispatch.dylib
0x00007fff648da000 	/usr/lib/system/libdyld.dylib
0x00007fff64910000 	/usr/lib/system/libkeymgr.dylib
0x00007fff6491e000 	/usr/lib/system/liblaunch.dylib
0x00007fff6491f000 	/usr/lib/system/libmacho.dylib
0x00007fff64925000 	/usr/lib/system/libquarantine.dylib
0x00007fff64928000 	/usr/lib/system/libremovefile.dylib
0x00007fff6492a000 	/usr/lib/system/libsystem_asl.dylib
0x00007fff64942000 	/usr/lib/system/libsystem_blocks.dylib
0x00007fff64943000 	/usr/lib/system/libsystem_c.dylib
0x00007fff649cb000 	/usr/lib/system/libsystem_configuration.dylib
0x00007fff649cf000 	/usr/lib/system/libsystem_coreservices.dylib
0x00007fff649d3000 	/usr/lib/system/libsystem_darwin.dylib
0x00007fff649dc000 	/usr/lib/system/libsystem_dnssd.dylib
0x00007fff649e4000 	/usr/lib/system/libsystem_featureflags.dylib
0x00007fff649e6000 	/usr/lib/system/libsystem_info.dylib
0x00007fff64a61000 	/usr/lib/system/libsystem_m.dylib
0x00007fff64aa9000 	/usr/lib/system/libsystem_malloc.dylib
0x00007fff64ad1000 	/usr/lib/system/libsystem_networkextension.dylib
0x00007fff64adf000 	/usr/lib/system/libsystem_notify.dylib
0x00007fff64afe000 	/usr/lib/system/libsystem_sandbox.dylib
0x00007fff64b03000 	/usr/lib/system/libsystem_secinit.dylib
0x00007fff64a34000 	/usr/lib/system/libsystem_kernel.dylib
0x00007fff64ae9000 	/usr/lib/system/libsystem_platform.dylib
0x00007fff64af3000 	/usr/lib/system/libsystem_pthread.dylib
0x00007fff64b06000 	/usr/lib/system/libsystem_symptoms.dylib
0x00007fff64b0e000 	/usr/lib/system/libsystem_trace.dylib
0x00007fff64b26000 	/usr/lib/system/libunwind.dylib
0x00007fff64b2c000 	/usr/lib/system/libxpc.dylib
0x00007fff63574000 	/usr/lib/libobjc.A.dylib
0x00007fff61a59000 	/usr/lib/libc++abi.dylib
0x00007fff61a05000 	/usr/lib/libc++.1.dylib
0x00007fff2d1cc000 	/System/Library/Frameworks/CoreFoundation.framework/Versions/A/CoreFoundation
0x00007fff2f891000 	/System/Library/Frameworks/Foundation.framework/Versions/C/Foundation
0x00007fff2a3d4000 	/System/Library/Frameworks/AppKit.framework/Versions/C/AppKit
0x00007fff2ccd8000 	/System/Library/Frameworks/CoreData.framework/Versions/A/CoreData
0x00007fff5dfc7000 	/System/Library/PrivateFrameworks/UIFoundation.framework/Versions/A/UIFoundation
0x00007fff587a3000 	/System/Library/PrivateFrameworks/RemoteViewServices.framework/Versions/A/RemoteViewServices
0x00007fff60a5a000 	/System/Library/PrivateFrameworks/XCTTargetBootstrap.framework/Versions/A/XCTTargetBootstrap
0x00007fff2d0bb000 	/System/Library/Frameworks/CoreDisplay.framework/Versions/A/CoreDisplay
0x00007fff32609000 	/System/Library/Frameworks/Metal.framework/Versions/A/Metal
0x00007fff46ba9000 	/System/Library/PrivateFrameworks/DesktopServicesPriv.framework/Versions/A/DesktopServicesPriv
0x00007fff62855000 	/usr/lib/liblangid.dylib
0x00007fff45cf5000 	/System/Library/PrivateFrameworks/CoreSVG.framework/Versions/A/CoreSVG
0x00007fff5b56a000 	/System/Library/PrivateFrameworks/SkyLight.framework/Versions/A/SkyLight
0x00007fff2d64e000 	/System/Library/Frameworks/CoreGraphics.framework/Versions/A/CoreGraphics
0x00007fff28f73000 	/System/Library/Frameworks/Accelerate.framework/Versions/A/Accelerate
0x00007fff63b41000 	/usr/lib/libxml2.2.dylib
0x00007fff518cd000 	/System/Library/PrivateFrameworks/IconServices.framework/Versions/A/IconServices
0x00007fff30076000 	/System/Library/Frameworks/IOSurface.framework/Versions/A/IOSurface
0x00007fff61257000 	/usr/lib/libDiagnosticMessagesClient.dylib
0x00007fff46a22000 	/System/Library/PrivateFrameworks/DFRFoundation.framework/Versions/A/DFRFoundation
0x00007fff625e3000 	/usr/lib/libicucore.A.dylib
0x00007fff2b511000 	/System/Library/Frameworks/AudioToolbox.framework/Versions/A/AudioToolbox
0x00007fff2b5f3000 	/System/Library/Frameworks/AudioUnit.framework/Versions/A/AudioUnit
0x00007fff61920000 	/usr/lib/libauto.dylib
0x00007fff46aa3000 	/System/Library/PrivateFrameworks/DataDetectorsCore.framework/Versions/A/DataDetectorsCore
0x00007fff2bd75000 	/System/Library/Frameworks/Carbon.framework/Versions/A/Frameworks/HIToolbox.framework/Versions/A/HIToolbox
0x00007fff38a54000 	/System/Library/Frameworks/QuartzCore.framework/Versions/A/QuartzCore
0x00007fff2c0b4000 	/System/Library/Frameworks/Carbon.framework/Versions/A/Frameworks/SpeechRecognition.framework/Versions/A/SpeechRecognition
0x00007fff463a8000 	/System/Library/PrivateFrameworks/CoreUI.framework/Versions/A/CoreUI
0x00007fff2c73e000 	/System/Library/Frameworks/CoreAudio.framework/Versions/A/CoreAudio
0x00007fff2f559000 	/System/Library/Frameworks/DiskArbitration.framework/Versions/A/DiskArbitration
0x00007fff538e2000 	/System/Library/PrivateFrameworks/MultitouchSupport.framework/Versions/A/MultitouchSupport
0x00007fff624a9000 	/usr/lib/libenergytrace.dylib
0x00007fff2ffd1000 	/System/Library/Frameworks/IOKit.framework/Versions/A/IOKit
0x00007fff2e5bc000 	/System/Library/Frameworks/CoreServices.framework/Versions/A/CoreServices
0x00007fff559ef000 	/System/Library/PrivateFrameworks/PerformanceAnalysis.framework/Versions/A/PerformanceAnalysis
0x00007fff37a8a000 	/System/Library/Frameworks/OpenGL.framework/Versions/A/OpenGL
0x00007fff2c263000 	/System/Library/Frameworks/ColorSync.framework/Versions/A/ColorSync
0x00007fff2dcd5000 	/System/Library/Frameworks/CoreImage.framework/Versions/A/CoreImage
0x00007fff2f032000 	/System/Library/Frameworks/CoreText.framework/Versions/A/CoreText
0x00007fff300fc000 	/System/Library/Frameworks/ImageIO.framework/Versions/A/ImageIO
0x00007fff61a81000 	/usr/lib/libcompression.dylib
0x00007fff61599000 	/usr/lib/libMobileGestalt.dylib
0x00007fff5d0a9000 	/System/Library/PrivateFrameworks/TextureIO.framework/Versions/A/TextureIO
0x00007fff61886000 	/usr/lib/libate.dylib
0x00007fff51ad6000 	/System/Library/PrivateFrameworks/InternationalSupport.framework/Versions/A/InternationalSupport
0x00007fff62857000 	/usr/lib/liblzma.5.dylib
0x00007fff624d1000 	/usr/lib/libfakelink.dylib
0x00007fff61813000 	/usr/lib/libarchive.2.dylib
0x00007fff3a9c5000 	/System/Library/Frameworks/SystemConfiguration.framework/Versions/A/SystemConfiguration
0x00007fff61188000 	/usr/lib/libCRFSuite.dylib
0x00007fff2b969000 	/System/Library/Frameworks/CFNetwork.framework/Versions/A/CFNetwork
0x00007fff619e7000 	/usr/lib/libbsm.0.dylib
0x00007fff64911000 	/usr/lib/system/libkxld.dylib
0x00007fff404d9000 	/System/Library/PrivateFrameworks/AppleFSCompression.framework/Versions/A/AppleFSCompression
0x00007fff61d68000 	/usr/lib/libcoretls.dylib
0x00007fff61d7f000 	/usr/lib/libcoretls_cfhelpers.dylib
0x00007fff635b8000 	/usr/lib/libpam.2.dylib
0x00007fff636eb000 	/usr/lib/libsqlite3.dylib
0x00007fff63b2e000 	/usr/lib/libxar.1.dylib
0x00007fff619f8000 	/usr/lib/libbz2.1.0.dylib
0x00007fff624f2000 	/usr/lib/libiconv.2.dylib
0x00007fff61a6e000 	/usr/lib/libcharset.1.dylib
0x00007fff6305f000 	/usr/lib/libnetwork.dylib
0x00007fff635bf000 	/usr/lib/libpcap.A.dylib
0x00007fff617c8000 	/usr/lib/libapple_nghttp2.dylib
0x00007fff2e973000 	/System/Library/Frameworks/CoreServices.framework/Versions/A/Frameworks/FSEvents.framework/Versions/A/FSEvents
0x00007fff2e643000 	/System/Library/Frameworks/CoreServices.framework/Versions/A/Frameworks/CarbonCore.framework/Versions/A/CarbonCore
0x00007fff2ebb6000 	/System/Library/Frameworks/CoreServices.framework/Versions/A/Frameworks/Metadata.framework/Versions/A/Metadata
0x00007fff2ec4f000 	/System/Library/Frameworks/CoreServices.framework/Versions/A/Frameworks/OSServices.framework/Versions/A/OSServices
0x00007fff2ec7d000 	/System/Library/Frameworks/CoreServices.framework/Versions/A/Frameworks/SearchKit.framework/Versions/A/SearchKit
0x00007fff2e5bd000 	/System/Library/Frameworks/CoreServices.framework/Versions/A/Frameworks/AE.framework/Versions/A/AE
0x00007fff2e97c000 	/System/Library/Frameworks/CoreServices.framework/Versions/A/Frameworks/LaunchServices.framework/Versions/A/LaunchServices
0x00007fff2e925000 	/System/Library/Frameworks/CoreServices.framework/Versions/A/Frameworks/DictionaryServices.framework/Versions/A/DictionaryServices
0x00007fff2ece5000 	/System/Library/Frameworks/CoreServices.framework/Versions/A/Frameworks/SharedFileList.framework/Versions/A/SharedFileList
0x00007fff338de000 	/System/Library/Frameworks/NetFS.framework/Versions/A/NetFS
0x00007fff53e12000 	/System/Library/PrivateFrameworks/NetAuth.framework/Versions/A/NetAuth
0x00007fff60e25000 	/System/Library/PrivateFrameworks/login.framework/Versions/A/Frameworks/loginsupport.framework/Versions/A/loginsupport
0x00007fff5cba4000 	/System/Library/PrivateFrameworks/TCC.framework/Versions/A/TCC
0x00007fff450c4000 	/System/Library/PrivateFrameworks/CoreNLP.framework/Versions/A/CoreNLP
0x00007fff53312000 	/System/Library/PrivateFrameworks/MetadataUtilities.framework/Versions/A/MetadataUtilities
0x00007fff6292f000 	/usr/lib/libmecabra.dylib
0x00007fff62887000 	/usr/lib/libmecab.dylib
0x00007fff624e2000 	/usr/lib/libgermantok.dylib
0x00007fff617af000 	/usr/lib/libThaiTokenizer.dylib
0x00007fff611c0000 	/usr/lib/libChineseTokenizer.dylib
0x00007fff28f8b000 	/System/Library/Frameworks/Accelerate.framework/Versions/A/Frameworks/vImage.framework/Versions/A/vImage
0x00007fff2a22e000 	/System/Library/Frameworks/Accelerate.framework/Versions/A/Frameworks/vecLib.framework/Versions/A/vecLib
0x00007fff2a172000 	/System/Library/Frameworks/Accelerate.framework/Versions/A/Frameworks/vecLib.framework/Versions/A/libvMisc.dylib
0x00007fff29f98000 	/System/Library/Frameworks/Accelerate.framework/Versions/A/Frameworks/vecLib.framework/Versions/A/libvDSP.dylib
0x00007fff295f7000 	/System/Library/Frameworks/Accelerate.framework/Versions/A/Frameworks/vecLib.framework/Versions/A/libBLAS.dylib
0x00007fff29b52000 	/System/Library/Frameworks/Accelerate.framework/Versions/A/Frameworks/vecLib.framework/Versions/A/libLAPACK.dylib
0x00007fff29ef8000 	/System/Library/Frameworks/Accelerate.framework/Versions/A/Frameworks/vecLib.framework/Versions/A/libLinearAlgebra.dylib
0x00007fff29f85000 	/System/Library/Frameworks/Accelerate.framework/Versions/A/Frameworks/vecLib.framework/Versions/A/libSparseBLAS.dylib
0x00007fff29f0e000 	/System/Library/Frameworks/Accelerate.framework/Versions/A/Frameworks/vecLib.framework/Versions/A/libQuadrature.dylib
0x00007fff29861000 	/System/Library/Frameworks/Accelerate.framework/Versions/A/Frameworks/vecLib.framework/Versions/A/libBNNS.dylib
0x00007fff29f14000 	/System/Library/Frameworks/Accelerate.framework/Versions/A/Frameworks/vecLib.framework/Versions/A/libSparse.dylib
0x00007fff51e95000 	/System/Library/PrivateFrameworks/LanguageModeling.framework/Versions/A/LanguageModeling
0x00007fff44a60000 	/System/Library/PrivateFrameworks/CoreEmoji.framework/Versions/A/CoreEmoji
0x00007fff51fb3000 	/System/Library/PrivateFrameworks/LinguisticData.framework/Versions/A/LinguisticData
0x00007fff51f64000 	/System/Library/PrivateFrameworks/Lexicon.framework/Versions/A/Lexicon
0x00007fff61a6f000 	/usr/lib/libcmph.dylib
0x00007fff364b0000 	/System/Library/Frameworks/OpenDirectory.framework/Versions/A/Frameworks/CFOpenDirectory.framework/Versions/A/CFOpenDirectory
0x00007fff364cd000 	/System/Library/Frameworks/OpenDirectory.framework/Versions/A/OpenDirectory
0x00007fff3e79a000 	/System/Library/PrivateFrameworks/APFS.framework/Versions/A/APFS
0x00007fff39b76000 	/System/Library/Frameworks/SecurityFoundation.framework/Versions/A/SecurityFoundation
0x00007fff63b2a000 	/usr/lib/libutil.dylib
0x00007fff45d4d000 	/System/Library/PrivateFrameworks/CoreServicesStore.framework/Versions/A/CoreServicesStore
0x00007fff39c2e000 	/System/Library/Frameworks/ServiceManagement.framework/Versions/A/ServiceManagement
0x00007fff41c90000 	/System/Library/PrivateFrameworks/BackgroundTaskManagement.framework/Versions/A/BackgroundTaskManagement
0x00007fff63c27000 	/usr/lib/libxslt.1.dylib
0x00007fff40b3e000 	/System/Library/PrivateFrameworks/AppleSystemInfo.framework/Versions/A/AppleSystemInfo
0x00007fff30319000 	/System/Library/Frameworks/ImageIO.framework/Versions/A/Resources/libJPEG.dylib
0x00007fff305d8000 	/System/Library/Frameworks/ImageIO.framework/Versions/A/Resources/libTIFF.dylib
0x00007fff305bb000 	/System/Library/Frameworks/ImageIO.framework/Versions/A/Resources/libPng.dylib
0x00007fff3025a000 	/System/Library/Frameworks/ImageIO.framework/Versions/A/Resources/libGIF.dylib
0x00007fff3025e000 	/System/Library/Frameworks/ImageIO.framework/Versions/A/Resources/libJP2.dylib
0x00007fff305d6000 	/System/Library/Frameworks/ImageIO.framework/Versions/A/Resources/libRadiance.dylib
0x00007fff624aa000 	/usr/lib/libexpat.1.dylib
0x00007fff40634000 	/System/Library/PrivateFrameworks/AppleJPEG.framework/Versions/A/AppleJPEG
0x00007fff48fc7000 	/System/Library/PrivateFrameworks/FontServices.framework/libFontParser.dylib
0x00007fff5fe7c000 	/System/Library/PrivateFrameworks/WatchdogClient.framework/Versions/A/WatchdogClient
0x00007fff51522000 	/System/Library/PrivateFrameworks/IOAccelerator.framework/Versions/A/IOAccelerator
0x00007fff32997000 	/System/Library/Frameworks/MetalPerformanceShaders.framework/Versions/A/MetalPerformanceShaders
0x00007fff4dd15000 	/System/Library/PrivateFrameworks/GPUWrangler.framework/Versions/A/GPUWrangler
0x00007fff5152d000 	/System/Library/PrivateFrameworks/IOPresentment.framework/Versions/A/IOPresentment
0x00007fff46a35000 	/System/Library/PrivateFrameworks/DSExternalDisplay.framework/Versions/A/DSExternalDisplay
0x00007fff36e36000 	/System/Library/Frameworks/OpenGL.framework/Versions/A/Libraries/libCoreFSCache.dylib
0x00007fff326e9000 	/System/Library/Frameworks/MetalPerformanceShaders.framework/Frameworks/MPSCore.framework/Versions/A/MPSCore
0x00007fff32726000 	/System/Library/Frameworks/MetalPerformanceShaders.framework/Frameworks/MPSImage.framework/Versions/A/MPSImage
0x00007fff327e8000 	/System/Library/Frameworks/MetalPerformanceShaders.framework/Frameworks/MPSNeuralNetwork.framework/Versions/A/MPSNeuralNetwork
0x00007fff327ad000 	/System/Library/Frameworks/MetalPerformanceShaders.framework/Frameworks/MPSMatrix.framework/Versions/A/MPSMatrix
0x00007fff32948000 	/System/Library/Frameworks/MetalPerformanceShaders.framework/Frameworks/MPSRayIntersector.framework/Versions/A/MPSRayIntersector
0x00007fff327d2000 	/System/Library/Frameworks/MetalPerformanceShaders.framework/Frameworks/MPSNDArray.framework/Versions/A/MPSNDArray
0x00007fff5335f000 	/System/Library/PrivateFrameworks/MetalTools.framework/Versions/A/MetalTools
0x00007fff3f95f000 	/System/Library/PrivateFrameworks/AggregateDictionary.framework/Versions/A/AggregateDictionary
0x00007fff444ea000 	/System/Library/PrivateFrameworks/CoreAnalytics.framework/Versions/A/CoreAnalytics
0x00007fff40a5c000 	/System/Library/PrivateFrameworks/AppleSauce.framework/Versions/A/AppleSauce
0x00007fff6147c000 	/usr/lib/libIOReport.dylib
0x00007fff2f1e7000 	/System/Library/Frameworks/CoreVideo.framework/Versions/A/CoreVideo
0x00007fff4f183000 	/System/Library/PrivateFrameworks/GraphVisualizer.framework/Versions/A/GraphVisualizer
0x00007fff48548000 	/System/Library/PrivateFrameworks/FaceCore.framework/Versions/A/FaceCore
0x00007fff36457000 	/System/Library/Frameworks/OpenCL.framework/Versions/A/OpenCL
0x00007fff6129e000 	/usr/lib/libFosl_dynamic.dylib
0x00007fff5480d000 	/System/Library/PrivateFrameworks/OTSVG.framework/Versions/A/OTSVG
0x00007fff2b2e4000 	/System/Library/Frameworks/ApplicationServices.framework/Versions/A/Frameworks/ATS.framework/Versions/A/Resources/libFontRegistry.dylib
0x00007fff49198000 	/System/Library/PrivateFrameworks/FontServices.framework/libhvf.dylib
0x00007fff36e41000 	/System/Library/Frameworks/OpenGL.framework/Versions/A/Libraries/libGFXShared.dylib
0x00007fff3701e000 	/System/Library/Frameworks/OpenGL.framework/Versions/A/Libraries/libGLU.dylib
0x00007fff36e4a000 	/System/Library/Frameworks/OpenGL.framework/Versions/A/Libraries/libGL.dylib
0x00007fff36e55000 	/System/Library/Frameworks/OpenGL.framework/Versions/A/Libraries/libGLImage.dylib
0x00007fff36e33000 	/System/Library/Frameworks/OpenGL.framework/Versions/A/Libraries/libCVMSPluginSupport.dylib
0x00007fff36e3c000 	/System/Library/Frameworks/OpenGL.framework/Versions/A/Libraries/libCoreVMClient.dylib
0x00007fff62f01000 	/usr/lib/libncurses.5.4.dylib
0x00007fff2b1e0000 	/System/Library/Frameworks/ApplicationServices.framework/Versions/A/Frameworks/ATS.framework/Versions/A/ATS
0x00007fff2b3ad000 	/System/Library/Frameworks/ApplicationServices.framework/Versions/A/Frameworks/ColorSyncLegacy.framework/Versions/A/ColorSyncLegacy
0x00007fff2b44c000 	/System/Library/Frameworks/ApplicationServices.framework/Versions/A/Frameworks/HIServices.framework/Versions/A/HIServices
0x00007fff2b4a3000 	/System/Library/Frameworks/ApplicationServices.framework/Versions/A/Frameworks/LangAnalysis.framework/Versions/A/LangAnalysis
0x00007fff2b4b2000 	/System/Library/Frameworks/ApplicationServices.framework/Versions/A/Frameworks/PrintCore.framework/Versions/A/PrintCore
0x00007fff2b4f8000 	/System/Library/Frameworks/ApplicationServices.framework/Versions/A/Frameworks/QD.framework/Versions/A/QD
0x00007fff2b503000 	/System/Library/Frameworks/ApplicationServices.framework/Versions/A/Frameworks/SpeechSynthesis.framework/Versions/A/SpeechSynthesis
0x00007fff2b37d000 	/System/Library/Frameworks/ApplicationServices.framework/Versions/A/Frameworks/ATSUI.framework/Versions/A/ATSUI
0x00007fff6233e000 	/usr/lib/libcups.2.dylib
0x00007fff31a46000 	/System/Library/Frameworks/Kerberos.framework/Versions/A/Kerberos
0x00007fff2fcc6000 	/System/Library/Frameworks/GSS.framework/Versions/A/GSS
0x00007fff63677000 	/usr/lib/libresolv.9.dylib
0x00007fff4f324000 	/System/Library/PrivateFrameworks/Heimdal.framework/Versions/A/Heimdal
0x00007fff31a59000 	/System/Library/Frameworks/Kerberos.framework/Versions/A/Libraries/libHeimdalProxy.dylib
0x00007fff624e8000 	/usr/lib/libheimdal-asn1.dylib
0x00007fff43990000 	/System/Library/PrivateFrameworks/CommonAuth.framework/Versions/A/CommonAuth
0x00007fff40bdb000 	/System/Library/PrivateFrameworks/AssertionServices.framework/Versions/A/AssertionServices
0x00007fff4177e000 	/System/Library/PrivateFrameworks/AudioToolboxCore.framework/Versions/A/AudioToolboxCore
0x00007fff60ad6000 	/System/Library/PrivateFrameworks/caulk.framework/Versions/A/caulk
0x00007fff41d3c000 	/System/Library/PrivateFrameworks/BaseBoard.framework/Versions/A/BaseBoard
0x00007fff58932000 	/System/Library/PrivateFrameworks/RunningBoardServices.framework/Versions/A/RunningBoardServices
0x00007fff559fb000 	/System/Library/PrivateFrameworks/PersistentConnection.framework/Versions/A/PersistentConnection
0x00007fff58381000 	/System/Library/PrivateFrameworks/ProtocolBuffer.framework/Versions/A/ProtocolBuffer
0x00007fff439b5000 	/System/Library/PrivateFrameworks/CommonUtilities.framework/Versions/A/CommonUtilities
0x00007fff41ebf000 	/System/Library/PrivateFrameworks/Bom.framework/Versions/A/Bom
0x00007fff6114b000 	/usr/lib/libAudioToolboxUtility.dylib
0x00007fff41c9a000 	/System/Library/PrivateFrameworks/Backup.framework/Versions/A/Backup
0x00007fff467a5000 	/System/Library/PrivateFrameworks/CrashReporterSupport.framework/Versions/A/CrashReporterSupport
0x00007fff5a42e000 	/System/Library/PrivateFrameworks/Sharing.framework/Versions/A/Sharing
0x00007fff4037f000 	/System/Library/PrivateFrameworks/Apple80211.framework/Versions/A/Apple80211
0x00007fff419bc000 	/System/Library/PrivateFrameworks/AuthKit.framework/Versions/A/AuthKit
0x00007fff464d5000 	/System/Library/PrivateFrameworks/CoreUtils.framework/Versions/A/CoreUtils
0x00007fff2f22c000 	/System/Library/Frameworks/CoreWLAN.framework/Versions/A/CoreWLAN
0x00007fff2fe52000 	/System/Library/Frameworks/IOBluetooth.framework/Versions/A/IOBluetooth
0x00007fff5365d000 	/System/Library/PrivateFrameworks/MobileKeyBag.framework/Versions/A/MobileKeyBag
0x00007fff455a0000 	/System/Library/PrivateFrameworks/CorePhoneNumbers.framework/Versions/A/CorePhoneNumbers
0x00007fff405e7000 	/System/Library/PrivateFrameworks/AppleIDAuthSupport.framework/Versions/A/AppleIDAuthSupport
0x00007fff338eb000 	/System/Library/Frameworks/Network.framework/Versions/A/Network
0x00007fff51d1d000 	/System/Library/PrivateFrameworks/KeychainCircle.framework/Versions/A/KeychainCircle
0x00007fff2cca0000 	/System/Library/Frameworks/CoreBluetooth.framework/Versions/A/CoreBluetooth
0x00007fff5c0aa000 	/System/Library/PrivateFrameworks/SpeechRecognitionCore.framework/Versions/A/SpeechRecognitionCore
0x0000000108831000 	/Library/Java/JavaVirtualMachines/jdk-13.0.1.jdk/Contents/Home/lib/server/libjvm.dylib
0x0000000109612000 	/Library/Java/JavaVirtualMachines/jdk-13.0.1.jdk/Contents/Home/lib/libverify.dylib
0x0000000109737000 	/Library/Java/JavaVirtualMachines/jdk-13.0.1.jdk/Contents/Home/lib/libjava.dylib
0x0000000109766000 	/Library/Java/JavaVirtualMachines/jdk-13.0.1.jdk/Contents/Home/lib/libjdwp.dylib
0x000000010979c000 	/Library/Java/JavaVirtualMachines/jdk-13.0.1.jdk/Contents/Home/lib/libinstrument.dylib
0x00000001097df000 	/Library/Java/JavaVirtualMachines/jdk-13.0.1.jdk/Contents/Home/lib/libzip.dylib
0x00000001097e6000 	/Library/Java/JavaVirtualMachines/jdk-13.0.1.jdk/Contents/Home/lib/libjimage.dylib
0x000000012c082000 	/Library/Java/JavaVirtualMachines/jdk-13.0.1.jdk/Contents/Home/lib/libdt_socket.dylib
0x000000012c108000 	/Library/Java/JavaVirtualMachines/jdk-13.0.1.jdk/Contents/Home/lib/libnio.dylib
0x000000012c116000 	/Library/Java/JavaVirtualMachines/jdk-13.0.1.jdk/Contents/Home/lib/libnet.dylib
0x000000012c1be000 	/Library/Java/JavaVirtualMachines/jdk-13.0.1.jdk/Contents/Home/lib/libawt.dylib
0x000000012c254000 	/Library/Java/JavaVirtualMachines/jdk-13.0.1.jdk/Contents/Home/lib/libmlib_image.dylib
0x00007fff31a2f000 	/System/Library/Frameworks/JavaVM.framework/Versions/A/Frameworks/JavaNativeFoundation.framework/Versions/A/JavaNativeFoundation
0x00007fff31a38000 	/System/Library/Frameworks/JavaVM.framework/Versions/A/Frameworks/JavaRuntimeSupport.framework/Versions/A/JavaRuntimeSupport
0x00007fff31a41000 	/System/Library/Frameworks/JavaVM.framework/Versions/A/JavaVM
0x00007fff51b80000 	/System/Library/PrivateFrameworks/JavaLaunching.framework/Versions/A/JavaLaunching
0x00007fff2bd70000 	/System/Library/Frameworks/Carbon.framework/Versions/A/Carbon
0x00007fff46289000 	/System/Library/PrivateFrameworks/CoreSymbolication.framework/Versions/A/CoreSymbolication
0x00007fff2bd71000 	/System/Library/Frameworks/Carbon.framework/Versions/A/Frameworks/CommonPanels.framework/Versions/A/CommonPanels
0x00007fff2c06a000 	/System/Library/Frameworks/Carbon.framework/Versions/A/Frameworks/Help.framework/Versions/A/Help
0x00007fff2c06e000 	/System/Library/Frameworks/Carbon.framework/Versions/A/Frameworks/ImageCapture.framework/Versions/A/ImageCapture
0x00007fff2c075000 	/System/Library/Frameworks/Carbon.framework/Versions/A/Frameworks/OpenScripting.framework/Versions/A/OpenScripting
0x00007fff2c074000 	/System/Library/Frameworks/Carbon.framework/Versions/A/Frameworks/Ink.framework/Versions/A/Ink
0x00007fff2c0b0000 	/System/Library/Frameworks/Carbon.framework/Versions/A/Frameworks/Print.framework/Versions/A/Print
0x00007fff2c0b1000 	/System/Library/Frameworks/Carbon.framework/Versions/A/Frameworks/SecurityHI.framework/Versions/A/SecurityHI
0x00007fff46b6a000 	/System/Library/PrivateFrameworks/DebugSymbols.framework/Versions/A/DebugSymbols
0x000000012c2ba000 	/Library/Java/JavaVirtualMachines/jdk-13.0.1.jdk/Contents/Home/lib/libawt_lwawt.dylib
0x000000012c364000 	/Library/Java/JavaVirtualMachines/jdk-13.0.1.jdk/Contents/Home/lib/libosxapp.dylib
0x00007fff2f734000 	/System/Library/Frameworks/ExceptionHandling.framework/Versions/A/ExceptionHandling
0x000000012c37f000 	/Library/Java/JavaVirtualMachines/jdk-13.0.1.jdk/Contents/Home/lib/libfontmanager.dylib
0x000000012c47d000 	/Library/Java/JavaVirtualMachines/jdk-13.0.1.jdk/Contents/Home/lib/libfreetype.dylib
0x00007fff45d19000 	/System/Library/PrivateFrameworks/CoreServicesInternal.framework/Versions/A/CoreServicesInternal
0x00007fff2f753000 	/System/Library/Frameworks/FileProvider.framework/Versions/A/FileProvider
0x00007fff2a22f000 	/System/Library/Frameworks/Accounts.framework/Versions/A/Accounts
0x00007fff4e039000 	/System/Library/PrivateFrameworks/GenerationalStorage.framework/Versions/A/GenerationalStorage
0x00007fff5c8e5000 	/System/Library/PrivateFrameworks/SymptomDiagnosticReporter.framework/Versions/A/SymptomDiagnosticReporter
0x00007fff3fe70000 	/System/Library/PrivateFrameworks/AppContainer.framework/Versions/A/AppContainer
0x00007fff63691000 	/usr/lib/libsandbox.1.dylib
0x00007fff5ee15000 	/System/Library/PrivateFrameworks/UserManagement.framework/Versions/A/UserManagement
0x00007fff42a81000 	/System/Library/PrivateFrameworks/ChunkingLibrary.framework/Versions/A/ChunkingLibrary
0x00007fff3fee2000 	/System/Library/PrivateFrameworks/AppSandbox.framework/Versions/A/AppSandbox
0x00007fff5a2b8000 	/System/Library/PrivateFrameworks/SecCodeWrapper.framework/Versions/A/SecCodeWrapper
0x00007fff61562000 	/usr/lib/libMatch.1.dylib
0x00007fff2184c000 	/System/Library/CoreServices/RawCamera.bundle/Contents/MacOS/RawCamera
0x00007fff53487000 	/System/Library/PrivateFrameworks/MobileAsset.framework/Versions/A/MobileAsset
0x00007fff5c793000 	/System/Library/PrivateFrameworks/StreamingZip.framework/Versions/A/StreamingZip
0x00007fff31ec2000 	/System/Library/Frameworks/MediaToolbox.framework/Versions/A/MediaToolbox
0x00007fff44499000 	/System/Library/PrivateFrameworks/CoreAVCHD.framework/Versions/A/CoreAVCHD
0x00007fff31dec000 	/System/Library/Frameworks/MediaAccessibility.framework/Versions/A/MediaAccessibility
0x00007fff52852000 	/System/Library/PrivateFrameworks/Mangrove.framework/Versions/A/Mangrove
0x00007fff2e3f6000 	/System/Library/Frameworks/CoreMedia.framework/Versions/A/CoreMedia
0x00007fff52abe000 	/System/Library/PrivateFrameworks/MediaExperience.framework/Versions/A/MediaExperience
0x00007fff3acab000 	/System/Library/Frameworks/VideoToolbox.framework/Versions/A/VideoToolbox
0x00007fff440c3000 	/System/Library/PrivateFrameworks/CoreAUC.framework/Versions/A/CoreAUC
0x00007fff636e9000 	/usr/lib/libspindump.dylib
0x00007fff41129000 	/System/Library/PrivateFrameworks/AudioResourceArbitration.framework/Versions/A/AudioResourceArbitration
0x00007fff40b42000 	/System/Library/PrivateFrameworks/AppleVA.framework/Versions/A/AppleVA
0x00007fff28f74000 	/System/Library/Frameworks/Accelerate.framework/Versions/A/Frameworks/vImage.framework/Versions/A/Libraries/libCGInterfaces.dylib
0x000000012d9ef000 	/usr/lib/libobjc-trampolines.dylib
0x00007fff490ff000 	/System/Library/PrivateFrameworks/FontServices.framework/libTrueTypeScaler.dylib
0x00007fff25e95000 	/System/Library/Extensions/AppleIntelKBLGraphicsMTLDriver.bundle/Contents/MacOS/AppleIntelKBLGraphicsMTLDriver
0x00007fff4c66d000 	/System/Library/PrivateFrameworks/GPUCompiler.framework/Versions/3902/Libraries/libmetal_timestamp.dylib
0x00007fff5fbeb000 	/System/Library/PrivateFrameworks/ViewBridge.framework/Versions/A/ViewBridge
0x00007fff60e28000 	/System/Library/PrivateFrameworks/login.framework/Versions/A/login
0x000000012e918000 	/Users/maxencelavenu/Projets/itesciaChess/lib/liblwjgl.jnilib
0x000000012e993000 	/Library/Java/JavaVirtualMachines/jdk-13.0.1.jdk/Contents/Home/lib/libjawt.dylib
0x00007fff3f019000 	/System/Library/PrivateFrameworks/AccessibilityBundles.framework/Versions/A/AccessibilityBundles
0x00007fff37a9a000 	/System/Library/Frameworks/OpenGL.framework/Versions/A/Resources/GLEngine.bundle/GLEngine
0x00007fff36e8b000 	/System/Library/Frameworks/OpenGL.framework/Versions/A/Libraries/libGLProgrammability.dylib
0x00007fff2506c000 	/System/Library/Extensions/AppleIntelKBLGraphicsGLDriver.bundle/Contents/MacOS/AppleIntelKBLGraphicsGLDriver
0x00007fff4dd09000 	/System/Library/PrivateFrameworks/GPUSupport.framework/Versions/A/Libraries/libGPUSupportMercury.dylib
0x00007fff37c14000 	/System/Library/Frameworks/OpenGL.framework/Versions/A/Resources/GLRendererFloat.bundle/GLRendererFloat
0x00007fff3644e000 	/System/Library/Frameworks/OpenCL.framework/Versions/A/Libraries/libcldcpuengine.dylib
0x00007fff61f23000 	/usr/lib/libcrypto.35.dylib
0x00007fff5d2ed000 	/System/Library/PrivateFrameworks/TrustEvaluationAgent.framework/Versions/A/TrustEvaluationAgent
0x000000012e726000 	/Users/maxencelavenu/Projets/itesciaChess/lib/libjinput-osx.jnilib
0x000000012ef16000 	/System/Library/Extensions/IOHIDFamily.kext/Contents/PlugIns/IOHIDLib.plugin/Contents/MacOS/IOHIDLib
0x00007fff4f204000 	/System/Library/PrivateFrameworks/HIDAnalytics.framework/Versions/A/HIDAnalytics
0x00000001313a9000 	/Library/Java/JavaVirtualMachines/jdk-13.0.1.jdk/Contents/Home/lib/libjavajpeg.dylib


VM Arguments:
jvm_args: -agentlib:jdwp=transport=dt_socket,address=127.0.0.1:49451,suspend=y,server=n -Djava.library.path=lib -javaagent:/Users/maxencelavenu/Library/Caches/IntelliJIdea2019.3/captureAgent/debugger-agent.jar -Dfile.encoding=UTF-8 
java_command: fr.rphstudio.chess.launcher.MainLauncher
java_class_path (initial): /Users/maxencelavenu/Projets/itesciaChess/target/classes:/Users/maxencelavenu/.m2/repository/org/slick2d/slick2d-core/1.0.0/slick2d-core-1.0.0.jar:/Users/maxencelavenu/.m2/repository/org/lwjgl/lwjgl/lwjgl/2.9.0/lwjgl-2.9.0.jar:/Users/maxencelavenu/.m2/repository/org/lwjgl/lwjgl/lwjgl-platform/2.9.0/lwjgl-platform-2.9.0-natives-windows.jar:/Users/maxencelavenu/.m2/repository/org/lwjgl/lwjgl/lwjgl-platform/2.9.0/lwjgl-platform-2.9.0-natives-linux.jar:/Users/maxencelavenu/.m2/repository/org/lwjgl/lwjgl/lwjgl-platform/2.9.0/lwjgl-platform-2.9.0-natives-osx.jar:/Users/maxencelavenu/.m2/repository/net/java/jinput/jinput/2.0.5/jinput-2.0.5.jar:/Users/maxencelavenu/.m2/repository/net/java/jutils/jutils/1.0.0/jutils-1.0.0.jar:/Users/maxencelavenu/.m2/repository/net/java/jinput/jinput-platform/2.0.5/jinput-platform-2.0.5-natives-linux.jar:/Users/maxencelavenu/.m2/repository/net/java/jinput/jinput-platform/2.0.5/jinput-platform-2.0.5-natives-windows.jar:/Users/maxencelavenu/.m2/repository/net/java/jinput/jinput-platform/2.0.5/jinput-platform-2.0.5-natives-osx.jar:/Users/maxencelavenu/.m2/repository/org/jcraft/jorbis/0.0.17/jorbis-0.0.17.jar:/Users/maxencelavenu/.m2/repository/org/dyn4j/dyn4j/3.2.3/dyn4j-3.2.3.jar:/Applications/IntelliJ IDEA.app/Contents/lib/idea_rt.jar
Launcher Type: SUN_STANDARD

[Global flags]
     intx CICompilerCount                          = 4                                         {product} {ergonomic}
     uint ConcGCThreads                            = 2                                         {product} {ergonomic}
     uint G1ConcRefinementThreads                  = 8                                         {product} {ergonomic}
   size_t G1HeapRegionSize                         = 1048576                                   {product} {ergonomic}
    uintx GCDrainStackTargetSize                   = 64                                        {product} {ergonomic}
   size_t InitialHeapSize                          = 134217728                                 {product} {ergonomic}
   size_t MarkStackSize                            = 4194304                                   {product} {ergonomic}
   size_t MaxHeapSize                              = 2147483648                                {product} {ergonomic}
   size_t MaxNewSize                               = 1287651328                                {product} {ergonomic}
   size_t MinHeapDeltaBytes                        = 1048576                                   {product} {ergonomic}
   size_t MinHeapSize                              = 8388608                                   {product} {ergonomic}
    uintx NonNMethodCodeHeapSize                   = 5836300                                {pd product} {ergonomic}
    uintx NonProfiledCodeHeapSize                  = 122910970                              {pd product} {ergonomic}
    uintx ProfiledCodeHeapSize                     = 122910970                              {pd product} {ergonomic}
    uintx ReservedCodeCacheSize                    = 251658240                              {pd product} {ergonomic}
     bool SegmentedCodeCache                       = true                                      {product} {ergonomic}
   size_t SoftMaxHeapSize                          = 2147483648                             {manageable} {ergonomic}
     bool UseCompressedClassPointers               = true                                 {lp64_product} {ergonomic}
     bool UseCompressedOops                        = true                                 {lp64_product} {ergonomic}
     bool UseG1GC                                  = true                                      {product} {ergonomic}

Logging:
Log output configuration:
 #0: stdout all=warning uptime,level,tags
 #1: stderr all=off uptime,level,tags

Environment Variables:
PATH=/usr/local/bin:/usr/bin:/bin:/usr/sbin:/sbin
SHELL=/bin/zsh

Signal Handlers:
SIGSEGV: [libjvm.dylib+0x781570], sa_mask[0]=11111111011111110111111111111111, sa_flags=SA_ONSTACK|SA_RESTART|SA_SIGINFO
SIGBUS: [libjvm.dylib+0x781570], sa_mask[0]=11111111011111110111111111111111, sa_flags=SA_RESTART|SA_SIGINFO
SIGFPE: [libjvm.dylib+0x781570], sa_mask[0]=11111111011111110111111111111111, sa_flags=SA_RESTART|SA_SIGINFO
SIGPIPE: [libjvm.dylib+0x627f75], sa_mask[0]=11111111011111110111111111111111, sa_flags=SA_RESTART|SA_SIGINFO
SIGXFSZ: [libjvm.dylib+0x627f75], sa_mask[0]=11111111011111110111111111111111, sa_flags=SA_RESTART|SA_SIGINFO
SIGILL: [libjvm.dylib+0x781570], sa_mask[0]=11111111011111110111111111111111, sa_flags=SA_RESTART|SA_SIGINFO
SIGUSR2: [libjvm.dylib+0x62855f], sa_mask[0]=00100000000000000000000000000000, sa_flags=SA_RESTART|SA_SIGINFO
SIGHUP: [libjvm.dylib+0x62754d], sa_mask[0]=11111111011111110111111111111111, sa_flags=SA_RESTART|SA_SIGINFO
SIGINT: [libjvm.dylib+0x62754d], sa_mask[0]=11111111011111110111111111111111, sa_flags=SA_RESTART|SA_SIGINFO
SIGTERM: [libjvm.dylib+0x62754d], sa_mask[0]=11111111011111110111111111111111, sa_flags=SA_RESTART|SA_SIGINFO
SIGQUIT: [libjvm.dylib+0x62754d], sa_mask[0]=11111111011111110111111111111111, sa_flags=SA_RESTART|SA_SIGINFO


---------------  S Y S T E M  ---------------

OS:uname:Darwin 19.3.0 Darwin Kernel Version 19.3.0: Thu Jan  9 20:58:23 PST 2020; root:xnu-6153.81.5~1/RELEASE_X86_64 x86_64
rlimit: STACK 8192k, CORE 0k, NPROC 1392, NOFILE 10240, AS infinity, DATA infinity, FSIZE infinity
load average:1.69 1.87 1.77

CPU:total 8 (initial active 8) (4 cores per cpu, 2 threads per core) family 6 model 142 stepping 10, cmov, cx8, fxsr, mmx, sse, sse2, sse3, ssse3, sse4.1, sse4.2, popcnt, avx, avx2, aes, clmul, erms, 3dnowpref, lzcnt, ht, tsc, tscinvbit, bmi1, bmi2, adx, fma

Memory: 4k page, physical 8388608k(118820k free), swap 3145728k(1125888k free)

vm_info: Java HotSpot(TM) 64-Bit Server VM (13.0.1+9) for bsd-amd64 JRE (13.0.1+9), built on Oct  6 2019 11:43:59 by "mach5one" with clang 4.2.1 Compatible Apple LLVM 10.0.0 (clang-1000.11.45.5)

END.
